{"/Users/ravikiranvemula/Workdir/nanoclaw/src/channels/registry.ts": {"path":"/Users/ravikiranvemula/Workdir/nanoclaw/src/channels/registry.ts","statementMap":{"0":{"start":{"line":16,"column":17},"end":{"line":16,"column":50}},"1":{"start":{"line":19,"column":2},"end":{"line":19,"column":null}},"2":{"start":{"line":23,"column":2},"end":{"line":23,"column":null}},"3":{"start":{"line":27,"column":2},"end":{"line":27,"column":null}}},"fnMap":{"0":{"name":"registerChannel","decl":{"start":{"line":18,"column":16},"end":{"line":18,"column":32}},"loc":{"start":{"line":18,"column":77},"end":{"line":19,"column":null}},"line":18},"1":{"name":"getChannelFactory","decl":{"start":{"line":22,"column":16},"end":{"line":22,"column":34}},"loc":{"start":{"line":22,"column":76},"end":{"line":23,"column":null}},"line":22},"2":{"name":"getRegisteredChannelNames","decl":{"start":{"line":26,"column":16},"end":{"line":26,"column":54}},"loc":{"start":{"line":26,"column":54},"end":{"line":27,"column":null}},"line":26}},"branchMap":{},"s":{"0":0,"1":0,"2":0,"3":0},"f":{"0":0,"1":0,"2":0},"b":{},"meta":{"lastBranch":0,"lastFunction":3,"lastStatement":4,"seen":{"s:16:17:16:50":0,"f:18:16:18:32":0,"s:19:2:19:Infinity":1,"f:22:16:22:34":1,"s:23:2:23:Infinity":2,"f:26:16:26:54":2,"s:27:2:27:Infinity":3}}}
,"/Users/ravikiranvemula/Workdir/nanoclaw/src/channels/telegram.ts": {"path":"/Users/ravikiranvemula/Workdir/nanoclaw/src/channels/telegram.ts","statementMap":{"0":{"start":{"line":36,"column":2},"end":{"line":44,"column":null}},"1":{"start":{"line":37,"column":4},"end":{"line":40,"column":null}},"2":{"start":{"line":43,"column":4},"end":{"line":43,"column":null}},"3":{"start":{"line":44,"column":4},"end":{"line":44,"column":null}},"4":{"start":{"line":49,"column":9},"end":{"line":49,"column":null}},"5":{"start":{"line":51,"column":28},"end":{"line":51,"column":null}},"6":{"start":{"line":52,"column":23},"end":{"line":52,"column":null}},"7":{"start":{"line":53,"column":68},"end":{"line":53,"column":null}},"8":{"start":{"line":58,"column":4},"end":{"line":58,"column":null}},"9":{"start":{"line":59,"column":4},"end":{"line":59,"column":null}},"10":{"start":{"line":63,"column":4},"end":{"line":63,"column":null}},"11":{"start":{"line":63,"column":33},"end":{"line":63,"column":null}},"12":{"start":{"line":64,"column":4},"end":{"line":64,"column":null}},"13":{"start":{"line":65,"column":4},"end":{"line":65,"column":null}},"14":{"start":{"line":69,"column":4},"end":{"line":69,"column":null}},"15":{"start":{"line":69,"column":64},"end":{"line":69,"column":null}},"16":{"start":{"line":70,"column":25},"end":{"line":70,"column":null}},"17":{"start":{"line":71,"column":4},"end":{"line":71,"column":null}},"18":{"start":{"line":72,"column":4},"end":{"line":75,"column":null}},"19":{"start":{"line":73,"column":6},"end":{"line":73,"column":null}},"20":{"start":{"line":74,"column":6},"end":{"line":74,"column":null}},"21":{"start":{"line":79,"column":4},"end":{"line":79,"column":null}},"22":{"start":{"line":79,"column":38},"end":{"line":79,"column":null}},"23":{"start":{"line":81,"column":4},"end":{"line":104,"column":null}},"24":{"start":{"line":84,"column":10},"end":{"line":87,"column":null}},"25":{"start":{"line":88,"column":10},"end":{"line":88,"column":null}},"26":{"start":{"line":89,"column":10},"end":{"line":91,"column":null}},"27":{"start":{"line":96,"column":8},"end":{"line":96,"column":null}},"28":{"start":{"line":96,"column":29},"end":{"line":96,"column":null}},"29":{"start":{"line":97,"column":8},"end":{"line":97,"column":null}},"30":{"start":{"line":98,"column":8},"end":{"line":98,"column":null}},"31":{"start":{"line":101,"column":8},"end":{"line":101,"column":null}},"32":{"start":{"line":101,"column":29},"end":{"line":101,"column":null}},"33":{"start":{"line":102,"column":8},"end":{"line":102,"column":null}},"34":{"start":{"line":103,"column":8},"end":{"line":103,"column":null}},"35":{"start":{"line":117,"column":4},"end":{"line":117,"column":null}},"36":{"start":{"line":117,"column":19},"end":{"line":117,"column":null}},"37":{"start":{"line":119,"column":4},"end":{"line":154,"column":null}},"38":{"start":{"line":120,"column":19},"end":{"line":120,"column":53}},"39":{"start":{"line":121,"column":6},"end":{"line":123,"column":null}},"40":{"start":{"line":122,"column":8},"end":{"line":122,"column":null}},"41":{"start":{"line":123,"column":8},"end":{"line":123,"column":null}},"42":{"start":{"line":126,"column":12},"end":{"line":126,"column":58}},"43":{"start":{"line":127,"column":24},"end":{"line":127,"column":58}},"44":{"start":{"line":128,"column":6},"end":{"line":128,"column":null}},"45":{"start":{"line":131,"column":20},"end":{"line":131,"column":48}},"46":{"start":{"line":132,"column":23},"end":{"line":132,"column":45}},"47":{"start":{"line":133,"column":23},"end":{"line":133,"column":64}},"48":{"start":{"line":134,"column":24},"end":{"line":134,"column":null}},"49":{"start":{"line":135,"column":23},"end":{"line":135,"column":54}},"50":{"start":{"line":137,"column":22},"end":{"line":137,"column":null}},"51":{"start":{"line":138,"column":19},"end":{"line":138,"column":39}},"52":{"start":{"line":139,"column":6},"end":{"line":144,"column":null}},"53":{"start":{"line":140,"column":8},"end":{"line":143,"column":null}},"54":{"start":{"line":144,"column":8},"end":{"line":144,"column":null}},"55":{"start":{"line":147,"column":21},"end":{"line":147,"column":58}},"56":{"start":{"line":148,"column":6},"end":{"line":148,"column":null}},"57":{"start":{"line":150,"column":6},"end":{"line":150,"column":null}},"58":{"start":{"line":151,"column":6},"end":{"line":151,"column":null}},"59":{"start":{"line":153,"column":6},"end":{"line":153,"column":null}},"60":{"start":{"line":154,"column":6},"end":{"line":154,"column":null}},"61":{"start":{"line":159,"column":4},"end":{"line":159,"column":null}},"62":{"start":{"line":160,"column":4},"end":{"line":160,"column":null}},"63":{"start":{"line":161,"column":4},"end":{"line":165,"column":null}},"64":{"start":{"line":168,"column":4},"end":{"line":180,"column":null}},"65":{"start":{"line":169,"column":21},"end":{"line":169,"column":null}},"66":{"start":{"line":170,"column":23},"end":{"line":170,"column":null}},"67":{"start":{"line":172,"column":8},"end":{"line":174,"column":null}},"68":{"start":{"line":176,"column":6},"end":{"line":179,"column":null}},"69":{"start":{"line":183,"column":4},"end":{"line":185,"column":null}},"70":{"start":{"line":184,"column":6},"end":{"line":184,"column":null}},"71":{"start":{"line":189,"column":34},"end":{"line":189,"column":61}},"72":{"start":{"line":191,"column":4},"end":{"line":285,"column":null}},"73":{"start":{"line":192,"column":6},"end":{"line":194,"column":null}},"74":{"start":{"line":193,"column":20},"end":{"line":193,"column":77}},"75":{"start":{"line":194,"column":8},"end":{"line":194,"column":null}},"76":{"start":{"line":194,"column":44},"end":{"line":194,"column":null}},"77":{"start":{"line":197,"column":22},"end":{"line":197,"column":null}},"78":{"start":{"line":198,"column":20},"end":{"line":198,"column":null}},"79":{"start":{"line":199,"column":24},"end":{"line":199,"column":71}},"80":{"start":{"line":201,"column":8},"end":{"line":204,"column":null}},"81":{"start":{"line":205,"column":21},"end":{"line":205,"column":null}},"82":{"start":{"line":206,"column":20},"end":{"line":206,"column":53}},"83":{"start":{"line":207,"column":23},"end":{"line":207,"column":null}},"84":{"start":{"line":209,"column":22},"end":{"line":209,"column":null}},"85":{"start":{"line":210,"column":31},"end":{"line":210,"column":62}},"86":{"start":{"line":211,"column":29},"end":{"line":211,"column":null}},"87":{"start":{"line":212,"column":32},"end":{"line":217,"column":null}},"88":{"start":{"line":221,"column":8},"end":{"line":223,"column":null}},"89":{"start":{"line":228,"column":26},"end":{"line":228,"column":57}},"90":{"start":{"line":229,"column":6},"end":{"line":241,"column":null}},"91":{"start":{"line":230,"column":25},"end":{"line":230,"column":51}},"92":{"start":{"line":231,"column":31},"end":{"line":239,"column":null}},"93":{"start":{"line":232,"column":10},"end":{"line":236,"column":null}},"94":{"start":{"line":233,"column":32},"end":{"line":235,"column":28}},"95":{"start":{"line":236,"column":12},"end":{"line":236,"column":null}},"96":{"start":{"line":238,"column":10},"end":{"line":238,"column":null}},"97":{"start":{"line":240,"column":8},"end":{"line":241,"column":null}},"98":{"start":{"line":241,"column":10},"end":{"line":241,"column":null}},"99":{"start":{"line":247,"column":8},"end":{"line":247,"column":null}},"100":{"start":{"line":248,"column":6},"end":{"line":254,"column":null}},"101":{"start":{"line":257,"column":20},"end":{"line":257,"column":null}},"102":{"start":{"line":258,"column":6},"end":{"line":263,"column":null}},"103":{"start":{"line":259,"column":8},"end":{"line":262,"column":null}},"104":{"start":{"line":263,"column":8},"end":{"line":263,"column":null}},"105":{"start":{"line":267,"column":6},"end":{"line":279,"column":null}},"106":{"start":{"line":281,"column":6},"end":{"line":284,"column":null}},"107":{"start":{"line":288,"column":10},"end":{"line":345,"column":null}},"108":{"start":{"line":293,"column":22},"end":{"line":293,"column":null}},"109":{"start":{"line":294,"column":20},"end":{"line":294,"column":null}},"110":{"start":{"line":295,"column":6},"end":{"line":295,"column":null}},"111":{"start":{"line":295,"column":18},"end":{"line":295,"column":null}},"112":{"start":{"line":297,"column":24},"end":{"line":297,"column":71}},"113":{"start":{"line":299,"column":8},"end":{"line":302,"column":null}},"114":{"start":{"line":303,"column":22},"end":{"line":303,"column":null}},"115":{"start":{"line":306,"column":8},"end":{"line":306,"column":null}},"116":{"start":{"line":307,"column":6},"end":{"line":313,"column":null}},"117":{"start":{"line":315,"column":12},"end":{"line":324,"column":null}},"118":{"start":{"line":316,"column":8},"end":{"line":324,"column":null}},"119":{"start":{"line":328,"column":6},"end":{"line":342,"column":null}},"120":{"start":{"line":329,"column":22},"end":{"line":329,"column":55}},"121":{"start":{"line":331,"column":10},"end":{"line":332,"column":null}},"122":{"start":{"line":333,"column":8},"end":{"line":341,"column":null}},"123":{"start":{"line":335,"column":12},"end":{"line":338,"column":null}},"124":{"start":{"line":336,"column":14},"end":{"line":336,"column":null}},"125":{"start":{"line":338,"column":14},"end":{"line":338,"column":null}},"126":{"start":{"line":342,"column":8},"end":{"line":342,"column":null}},"127":{"start":{"line":345,"column":6},"end":{"line":345,"column":null}},"128":{"start":{"line":348,"column":4},"end":{"line":356,"column":null}},"129":{"start":{"line":350,"column":21},"end":{"line":350,"column":null}},"130":{"start":{"line":351,"column":22},"end":{"line":351,"column":null}},"131":{"start":{"line":352,"column":6},"end":{"line":355,"column":null}},"132":{"start":{"line":357,"column":4},"end":{"line":362,"column":null}},"133":{"start":{"line":358,"column":6},"end":{"line":361,"column":null}},"134":{"start":{"line":363,"column":4},"end":{"line":368,"column":null}},"135":{"start":{"line":364,"column":6},"end":{"line":367,"column":null}},"136":{"start":{"line":369,"column":4},"end":{"line":376,"column":null}},"137":{"start":{"line":371,"column":8},"end":{"line":371,"column":null}},"138":{"start":{"line":372,"column":6},"end":{"line":375,"column":null}},"139":{"start":{"line":377,"column":4},"end":{"line":383,"column":null}},"140":{"start":{"line":378,"column":19},"end":{"line":378,"column":null}},"141":{"start":{"line":379,"column":6},"end":{"line":382,"column":null}},"142":{"start":{"line":384,"column":4},"end":{"line":387,"column":null}},"143":{"start":{"line":385,"column":20},"end":{"line":385,"column":null}},"144":{"start":{"line":386,"column":6},"end":{"line":386,"column":null}},"145":{"start":{"line":388,"column":4},"end":{"line":388,"column":null}},"146":{"start":{"line":388,"column":45},"end":{"line":388,"column":74}},"147":{"start":{"line":389,"column":4},"end":{"line":389,"column":null}},"148":{"start":{"line":389,"column":44},"end":{"line":389,"column":72}},"149":{"start":{"line":392,"column":4},"end":{"line":394,"column":null}},"150":{"start":{"line":393,"column":6},"end":{"line":393,"column":null}},"151":{"start":{"line":396,"column":4},"end":{"line":396,"column":null}},"152":{"start":{"line":404,"column":4},"end":{"line":406,"column":null}},"153":{"start":{"line":405,"column":6},"end":{"line":405,"column":null}},"154":{"start":{"line":406,"column":6},"end":{"line":406,"column":null}},"155":{"start":{"line":409,"column":4},"end":{"line":434,"column":null}},"156":{"start":{"line":410,"column":24},"end":{"line":410,"column":47}},"157":{"start":{"line":411,"column":22},"end":{"line":413,"column":12}},"158":{"start":{"line":416,"column":25},"end":{"line":416,"column":null}},"159":{"start":{"line":417,"column":6},"end":{"line":426,"column":null}},"160":{"start":{"line":418,"column":8},"end":{"line":418,"column":null}},"161":{"start":{"line":420,"column":8},"end":{"line":426,"column":null}},"162":{"start":{"line":420,"column":21},"end":{"line":420,"column":24}},"163":{"start":{"line":421,"column":10},"end":{"line":426,"column":null}},"164":{"start":{"line":429,"column":6},"end":{"line":432,"column":null}},"165":{"start":{"line":434,"column":6},"end":{"line":434,"column":null}},"166":{"start":{"line":439,"column":4},"end":{"line":439,"column":null}},"167":{"start":{"line":443,"column":4},"end":{"line":443,"column":null}},"168":{"start":{"line":447,"column":4},"end":{"line":447,"column":null}},"169":{"start":{"line":448,"column":4},"end":{"line":448,"column":null}},"170":{"start":{"line":449,"column":4},"end":{"line":452,"column":null}},"171":{"start":{"line":450,"column":6},"end":{"line":450,"column":null}},"172":{"start":{"line":451,"column":6},"end":{"line":451,"column":null}},"173":{"start":{"line":452,"column":6},"end":{"line":452,"column":null}},"174":{"start":{"line":457,"column":4},"end":{"line":457,"column":null}},"175":{"start":{"line":457,"column":32},"end":{"line":457,"column":null}},"176":{"start":{"line":458,"column":4},"end":{"line":462,"column":null}},"177":{"start":{"line":459,"column":24},"end":{"line":459,"column":47}},"178":{"start":{"line":460,"column":6},"end":{"line":460,"column":null}},"179":{"start":{"line":462,"column":6},"end":{"line":462,"column":null}},"180":{"start":{"line":467,"column":0},"end":{"line":476,"column":null}},"181":{"start":{"line":468,"column":8},"end":{"line":468,"column":53}},"182":{"start":{"line":470,"column":4},"end":{"line":470,"column":null}},"183":{"start":{"line":471,"column":2},"end":{"line":473,"column":null}},"184":{"start":{"line":472,"column":4},"end":{"line":472,"column":null}},"185":{"start":{"line":473,"column":4},"end":{"line":473,"column":null}},"186":{"start":{"line":475,"column":2},"end":{"line":475,"column":null}}},"fnMap":{"0":{"name":"sendTelegramMessage","decl":{"start":{"line":30,"column":15},"end":{"line":30,"column":null}},"loc":{"start":{"line":35,"column":17},"end":{"line":44,"column":null}},"line":35},"1":{"name":"(anonymous_1)","decl":{"start":{"line":57,"column":2},"end":{"line":57,"column":14}},"loc":{"start":{"line":57,"column":59},"end":{"line":59,"column":null}},"line":57},"2":{"name":"(anonymous_2)","decl":{"start":{"line":62,"column":2},"end":{"line":62,"column":10}},"loc":{"start":{"line":62,"column":41},"end":{"line":65,"column":null}},"line":62},"3":{"name":"(anonymous_3)","decl":{"start":{"line":68,"column":2},"end":{"line":68,"column":10}},"loc":{"start":{"line":68,"column":39},"end":{"line":75,"column":null}},"line":68},"4":{"name":"(anonymous_4)","decl":{"start":{"line":72,"column":29},"end":{"line":72,"column":46}},"loc":{"start":{"line":72,"column":46},"end":{"line":75,"column":20}},"line":72},"5":{"name":"(anonymous_5)","decl":{"start":{"line":78,"column":2},"end":{"line":78,"column":10}},"loc":{"start":{"line":78,"column":31},"end":{"line":104,"column":null}},"line":78},"6":{"name":"(anonymous_6)","decl":{"start":{"line":83,"column":8},"end":{"line":83,"column":18}},"loc":{"start":{"line":83,"column":30},"end":{"line":93,"column":8}},"line":83},"7":{"name":"(anonymous_7)","decl":{"start":{"line":95,"column":7},"end":{"line":95,"column":18}},"loc":{"start":{"line":95,"column":18},"end":{"line":99,"column":null}},"line":95},"8":{"name":"(anonymous_8)","decl":{"start":{"line":100,"column":7},"end":{"line":100,"column":14}},"loc":{"start":{"line":100,"column":22},"end":{"line":104,"column":null}},"line":100},"9":{"name":"(anonymous_9)","decl":{"start":{"line":112,"column":16},"end":{"line":112,"column":null}},"loc":{"start":{"line":116,"column":28},"end":{"line":154,"column":null}},"line":116},"10":{"name":"(anonymous_10)","decl":{"start":{"line":158,"column":8},"end":{"line":158,"column":33}},"loc":{"start":{"line":158,"column":33},"end":{"line":396,"column":null}},"line":158},"11":{"name":"(anonymous_11)","decl":{"start":{"line":168,"column":21},"end":{"line":168,"column":32}},"loc":{"start":{"line":168,"column":40},"end":{"line":180,"column":null}},"line":168},"12":{"name":"(anonymous_12)","decl":{"start":{"line":183,"column":21},"end":{"line":183,"column":30}},"loc":{"start":{"line":183,"column":38},"end":{"line":185,"column":null}},"line":183},"13":{"name":"(anonymous_13)","decl":{"start":{"line":191,"column":32},"end":{"line":191,"column":39}},"loc":{"start":{"line":191,"column":47},"end":{"line":285,"column":null}},"line":191},"14":{"name":"(anonymous_14)","decl":{"start":{"line":231,"column":40},"end":{"line":231,"column":46}},"loc":{"start":{"line":231,"column":57},"end":{"line":239,"column":null}},"line":231},"15":{"name":"(anonymous_15)","decl":{"start":{"line":288,"column":10},"end":{"line":288,"column":null}},"loc":{"start":{"line":292,"column":9},"end":{"line":345,"column":null}},"line":292},"16":{"name":"(anonymous_16)","decl":{"start":{"line":315,"column":12},"end":{"line":315,"column":23}},"loc":{"start":{"line":315,"column":43},"end":{"line":324,"column":null}},"line":315},"17":{"name":"(anonymous_17)","decl":{"start":{"line":333,"column":63},"end":{"line":333,"column":null}},"loc":{"start":{"line":334,"column":24},"end":{"line":341,"column":null}},"line":334},"18":{"name":"(anonymous_18)","decl":{"start":{"line":348,"column":16},"end":{"line":348,"column":34}},"loc":{"start":{"line":348,"column":42},"end":{"line":356,"column":null}},"line":348},"19":{"name":"(anonymous_19)","decl":{"start":{"line":357,"column":16},"end":{"line":357,"column":34}},"loc":{"start":{"line":357,"column":42},"end":{"line":362,"column":null}},"line":357},"20":{"name":"(anonymous_20)","decl":{"start":{"line":363,"column":16},"end":{"line":363,"column":34}},"loc":{"start":{"line":363,"column":42},"end":{"line":368,"column":null}},"line":363},"21":{"name":"(anonymous_21)","decl":{"start":{"line":369,"column":16},"end":{"line":369,"column":34}},"loc":{"start":{"line":369,"column":42},"end":{"line":376,"column":null}},"line":369},"22":{"name":"(anonymous_22)","decl":{"start":{"line":377,"column":16},"end":{"line":377,"column":37}},"loc":{"start":{"line":377,"column":45},"end":{"line":383,"column":null}},"line":377},"23":{"name":"(anonymous_23)","decl":{"start":{"line":384,"column":16},"end":{"line":384,"column":36}},"loc":{"start":{"line":384,"column":44},"end":{"line":387,"column":null}},"line":384},"24":{"name":"(anonymous_24)","decl":{"start":{"line":388,"column":16},"end":{"line":388,"column":37}},"loc":{"start":{"line":388,"column":45},"end":{"line":388,"column":74}},"line":388},"25":{"name":"(anonymous_25)","decl":{"start":{"line":389,"column":16},"end":{"line":389,"column":36}},"loc":{"start":{"line":389,"column":44},"end":{"line":389,"column":72}},"line":389},"26":{"name":"(anonymous_26)","decl":{"start":{"line":392,"column":13},"end":{"line":392,"column":20}},"loc":{"start":{"line":392,"column":28},"end":{"line":394,"column":null}},"line":392},"27":{"name":"(anonymous_27)","decl":{"start":{"line":399,"column":8},"end":{"line":399,"column":null}},"loc":{"start":{"line":403,"column":19},"end":{"line":434,"column":null}},"line":403},"28":{"name":"(anonymous_28)","decl":{"start":{"line":438,"column":2},"end":{"line":438,"column":25}},"loc":{"start":{"line":438,"column":25},"end":{"line":439,"column":null}},"line":438},"29":{"name":"(anonymous_29)","decl":{"start":{"line":442,"column":2},"end":{"line":442,"column":10}},"loc":{"start":{"line":442,"column":32},"end":{"line":443,"column":null}},"line":442},"30":{"name":"(anonymous_30)","decl":{"start":{"line":446,"column":8},"end":{"line":446,"column":36}},"loc":{"start":{"line":446,"column":36},"end":{"line":452,"column":null}},"line":446},"31":{"name":"(anonymous_31)","decl":{"start":{"line":456,"column":8},"end":{"line":456,"column":18}},"loc":{"start":{"line":456,"column":65},"end":{"line":462,"column":null}},"line":456},"32":{"name":"(anonymous_32)","decl":{"start":{"line":467,"column":16},"end":{"line":467,"column":29}},"loc":{"start":{"line":467,"column":51},"end":{"line":476,"column":null}},"line":467}},"branchMap":{"0":{"loc":{"start":{"line":34,"column":2},"end":{"line":34,"column":46}},"type":"default-arg","locations":[{"start":{"line":34,"column":44},"end":{"line":34,"column":46}}],"line":34},"1":{"loc":{"start":{"line":63,"column":4},"end":{"line":63,"column":null}},"type":"if","locations":[{"start":{"line":63,"column":4},"end":{"line":63,"column":null}},{"start":{},"end":{}}],"line":63},"2":{"loc":{"start":{"line":69,"column":4},"end":{"line":69,"column":null}},"type":"if","locations":[{"start":{"line":69,"column":4},"end":{"line":69,"column":null}},{"start":{},"end":{}}],"line":69},"3":{"loc":{"start":{"line":69,"column":8},"end":{"line":69,"column":64}},"type":"binary-expr","locations":[{"start":{"line":69,"column":8},"end":{"line":69,"column":27}},{"start":{"line":69,"column":27},"end":{"line":69,"column":40}},{"start":{"line":69,"column":40},"end":{"line":69,"column":64}}],"line":69},"4":{"loc":{"start":{"line":79,"column":4},"end":{"line":79,"column":null}},"type":"if","locations":[{"start":{"line":79,"column":4},"end":{"line":79,"column":null}},{"start":{},"end":{}}],"line":79},"5":{"loc":{"start":{"line":79,"column":8},"end":{"line":79,"column":38}},"type":"binary-expr","locations":[{"start":{"line":79,"column":8},"end":{"line":79,"column":21}},{"start":{"line":79,"column":21},"end":{"line":79,"column":38}}],"line":79},"6":{"loc":{"start":{"line":96,"column":8},"end":{"line":96,"column":null}},"type":"if","locations":[{"start":{"line":96,"column":8},"end":{"line":96,"column":null}},{"start":{},"end":{}}],"line":96},"7":{"loc":{"start":{"line":101,"column":8},"end":{"line":101,"column":null}},"type":"if","locations":[{"start":{"line":101,"column":8},"end":{"line":101,"column":null}},{"start":{},"end":{}}],"line":101},"8":{"loc":{"start":{"line":117,"column":4},"end":{"line":117,"column":null}},"type":"if","locations":[{"start":{"line":117,"column":4},"end":{"line":117,"column":null}},{"start":{},"end":{}}],"line":117},"9":{"loc":{"start":{"line":121,"column":6},"end":{"line":123,"column":null}},"type":"if","locations":[{"start":{"line":121,"column":6},"end":{"line":123,"column":null}},{"start":{},"end":{}}],"line":121},"10":{"loc":{"start":{"line":134,"column":24},"end":{"line":134,"column":null}},"type":"cond-expr","locations":[{"start":{"line":134,"column":35},"end":{"line":134,"column":46}},{"start":{"line":134,"column":46},"end":{"line":134,"column":null}}],"line":134},"11":{"loc":{"start":{"line":139,"column":6},"end":{"line":144,"column":null}},"type":"if","locations":[{"start":{"line":139,"column":6},"end":{"line":144,"column":null}},{"start":{},"end":{}}],"line":139},"12":{"loc":{"start":{"line":172,"column":8},"end":{"line":174,"column":null}},"type":"cond-expr","locations":[{"start":{"line":173,"column":12},"end":{"line":173,"column":null}},{"start":{"line":174,"column":13},"end":{"line":174,"column":null}}],"line":172},"13":{"loc":{"start":{"line":173,"column":12},"end":{"line":173,"column":null}},"type":"binary-expr","locations":[{"start":{"line":173,"column":12},"end":{"line":173,"column":36}},{"start":{"line":173,"column":36},"end":{"line":173,"column":null}}],"line":173},"14":{"loc":{"start":{"line":174,"column":13},"end":{"line":174,"column":null}},"type":"binary-expr","locations":[{"start":{"line":174,"column":13},"end":{"line":174,"column":39}},{"start":{"line":174,"column":39},"end":{"line":174,"column":null}}],"line":174},"15":{"loc":{"start":{"line":192,"column":6},"end":{"line":194,"column":null}},"type":"if","locations":[{"start":{"line":192,"column":6},"end":{"line":194,"column":null}},{"start":{},"end":{}}],"line":192},"16":{"loc":{"start":{"line":194,"column":8},"end":{"line":194,"column":null}},"type":"if","locations":[{"start":{"line":194,"column":8},"end":{"line":194,"column":null}},{"start":{},"end":{}}],"line":194},"17":{"loc":{"start":{"line":201,"column":8},"end":{"line":204,"column":null}},"type":"binary-expr","locations":[{"start":{"line":201,"column":8},"end":{"line":201,"column":null}},{"start":{"line":202,"column":8},"end":{"line":202,"column":null}},{"start":{"line":203,"column":8},"end":{"line":203,"column":31}},{"start":{"line":204,"column":8},"end":{"line":204,"column":null}}],"line":201},"18":{"loc":{"start":{"line":205,"column":21},"end":{"line":205,"column":null}},"type":"binary-expr","locations":[{"start":{"line":205,"column":21},"end":{"line":205,"column":44}},{"start":{"line":205,"column":48},"end":{"line":205,"column":null}}],"line":205},"19":{"loc":{"start":{"line":211,"column":29},"end":{"line":211,"column":null}},"type":"binary-expr","locations":[{"start":{"line":211,"column":29},"end":{"line":211,"column":46}},{"start":{"line":211,"column":46},"end":{"line":211,"column":null}}],"line":211},"20":{"loc":{"start":{"line":212,"column":32},"end":{"line":217,"column":null}},"type":"cond-expr","locations":[{"start":{"line":213,"column":10},"end":{"line":216,"column":null}},{"start":{"line":217,"column":10},"end":{"line":217,"column":null}}],"line":212},"21":{"loc":{"start":{"line":213,"column":10},"end":{"line":216,"column":null}},"type":"binary-expr","locations":[{"start":{"line":213,"column":10},"end":{"line":213,"column":null}},{"start":{"line":214,"column":10},"end":{"line":214,"column":null}},{"start":{"line":215,"column":10},"end":{"line":215,"column":38}},{"start":{"line":216,"column":10},"end":{"line":216,"column":null}}],"line":213},"22":{"loc":{"start":{"line":221,"column":8},"end":{"line":223,"column":null}},"type":"cond-expr","locations":[{"start":{"line":222,"column":12},"end":{"line":222,"column":null}},{"start":{"line":223,"column":13},"end":{"line":223,"column":null}}],"line":221},"23":{"loc":{"start":{"line":223,"column":13},"end":{"line":223,"column":null}},"type":"binary-expr","locations":[{"start":{"line":223,"column":13},"end":{"line":223,"column":39}},{"start":{"line":223,"column":39},"end":{"line":223,"column":null}}],"line":223},"24":{"loc":{"start":{"line":229,"column":6},"end":{"line":241,"column":null}},"type":"if","locations":[{"start":{"line":229,"column":6},"end":{"line":241,"column":null}},{"start":{},"end":{}}],"line":229},"25":{"loc":{"start":{"line":230,"column":25},"end":{"line":230,"column":51}},"type":"binary-expr","locations":[{"start":{"line":230,"column":25},"end":{"line":230,"column":49}},{"start":{"line":230,"column":49},"end":{"line":230,"column":51}}],"line":230},"26":{"loc":{"start":{"line":232,"column":10},"end":{"line":236,"column":null}},"type":"if","locations":[{"start":{"line":232,"column":10},"end":{"line":236,"column":null}},{"start":{},"end":{}}],"line":232},"27":{"loc":{"start":{"line":240,"column":8},"end":{"line":241,"column":null}},"type":"if","locations":[{"start":{"line":240,"column":8},"end":{"line":241,"column":null}},{"start":{},"end":{}}],"line":240},"28":{"loc":{"start":{"line":240,"column":12},"end":{"line":240,"column":60}},"type":"binary-expr","locations":[{"start":{"line":240,"column":12},"end":{"line":240,"column":30}},{"start":{"line":240,"column":30},"end":{"line":240,"column":60}}],"line":240},"29":{"loc":{"start":{"line":247,"column":8},"end":{"line":247,"column":null}},"type":"binary-expr","locations":[{"start":{"line":247,"column":8},"end":{"line":247,"column":37}},{"start":{"line":247,"column":37},"end":{"line":247,"column":null}}],"line":247},"30":{"loc":{"start":{"line":258,"column":6},"end":{"line":263,"column":null}},"type":"if","locations":[{"start":{"line":258,"column":6},"end":{"line":263,"column":null}},{"start":{},"end":{}}],"line":258},"31":{"loc":{"start":{"line":275,"column":19},"end":{"line":275,"column":null}},"type":"cond-expr","locations":[{"start":{"line":275,"column":30},"end":{"line":275,"column":49}},{"start":{"line":275,"column":52},"end":{"line":275,"column":null}}],"line":275},"32":{"loc":{"start":{"line":295,"column":6},"end":{"line":295,"column":null}},"type":"if","locations":[{"start":{"line":295,"column":6},"end":{"line":295,"column":null}},{"start":{},"end":{}}],"line":295},"33":{"loc":{"start":{"line":299,"column":8},"end":{"line":302,"column":null}},"type":"binary-expr","locations":[{"start":{"line":299,"column":8},"end":{"line":299,"column":null}},{"start":{"line":300,"column":8},"end":{"line":300,"column":null}},{"start":{"line":301,"column":8},"end":{"line":301,"column":32}},{"start":{"line":302,"column":8},"end":{"line":302,"column":null}}],"line":299},"34":{"loc":{"start":{"line":303,"column":22},"end":{"line":303,"column":null}},"type":"cond-expr","locations":[{"start":{"line":303,"column":44},"end":{"line":303,"column":72}},{"start":{"line":303,"column":72},"end":{"line":303,"column":null}}],"line":303},"35":{"loc":{"start":{"line":306,"column":8},"end":{"line":306,"column":null}},"type":"binary-expr","locations":[{"start":{"line":306,"column":8},"end":{"line":306,"column":37}},{"start":{"line":306,"column":37},"end":{"line":306,"column":null}}],"line":306},"36":{"loc":{"start":{"line":319,"column":18},"end":{"line":319,"column":null}},"type":"binary-expr","locations":[{"start":{"line":319,"column":18},"end":{"line":319,"column":42}},{"start":{"line":319,"column":46},"end":{"line":319,"column":null}}],"line":319},"37":{"loc":{"start":{"line":328,"column":6},"end":{"line":342,"column":null}},"type":"if","locations":[{"start":{"line":328,"column":6},"end":{"line":342,"column":null}},{"start":{},"end":{}}],"line":328},"38":{"loc":{"start":{"line":331,"column":10},"end":{"line":332,"column":null}},"type":"binary-expr","locations":[{"start":{"line":331,"column":10},"end":{"line":331,"column":null}},{"start":{"line":332,"column":10},"end":{"line":332,"column":null}}],"line":331},"39":{"loc":{"start":{"line":335,"column":12},"end":{"line":338,"column":null}},"type":"if","locations":[{"start":{"line":335,"column":12},"end":{"line":338,"column":null}},{"start":{"line":337,"column":19},"end":{"line":338,"column":null}}],"line":335},"40":{"loc":{"start":{"line":371,"column":8},"end":{"line":371,"column":null}},"type":"binary-expr","locations":[{"start":{"line":371,"column":8},"end":{"line":371,"column":40}},{"start":{"line":371,"column":40},"end":{"line":371,"column":null}}],"line":371},"41":{"loc":{"start":{"line":378,"column":19},"end":{"line":378,"column":null}},"type":"binary-expr","locations":[{"start":{"line":378,"column":19},"end":{"line":378,"column":54}},{"start":{"line":378,"column":54},"end":{"line":378,"column":null}}],"line":378},"42":{"loc":{"start":{"line":385,"column":20},"end":{"line":385,"column":null}},"type":"binary-expr","locations":[{"start":{"line":385,"column":20},"end":{"line":385,"column":50}},{"start":{"line":385,"column":50},"end":{"line":385,"column":null}}],"line":385},"43":{"loc":{"start":{"line":404,"column":4},"end":{"line":406,"column":null}},"type":"if","locations":[{"start":{"line":404,"column":4},"end":{"line":406,"column":null}},{"start":{},"end":{}}],"line":404},"44":{"loc":{"start":{"line":411,"column":22},"end":{"line":413,"column":12}},"type":"cond-expr","locations":[{"start":{"line":412,"column":10},"end":{"line":412,"column":55}},{"start":{"line":413,"column":10},"end":{"line":413,"column":12}}],"line":411},"45":{"loc":{"start":{"line":417,"column":6},"end":{"line":426,"column":null}},"type":"if","locations":[{"start":{"line":417,"column":6},"end":{"line":426,"column":null}},{"start":{"line":419,"column":13},"end":{"line":426,"column":null}}],"line":417},"46":{"loc":{"start":{"line":449,"column":4},"end":{"line":452,"column":null}},"type":"if","locations":[{"start":{"line":449,"column":4},"end":{"line":452,"column":null}},{"start":{},"end":{}}],"line":449},"47":{"loc":{"start":{"line":457,"column":4},"end":{"line":457,"column":null}},"type":"if","locations":[{"start":{"line":457,"column":4},"end":{"line":457,"column":null}},{"start":{},"end":{}}],"line":457},"48":{"loc":{"start":{"line":457,"column":8},"end":{"line":457,"column":32}},"type":"binary-expr","locations":[{"start":{"line":457,"column":8},"end":{"line":457,"column":21}},{"start":{"line":457,"column":21},"end":{"line":457,"column":32}}],"line":457},"49":{"loc":{"start":{"line":470,"column":4},"end":{"line":470,"column":null}},"type":"binary-expr","locations":[{"start":{"line":470,"column":4},"end":{"line":470,"column":38}},{"start":{"line":470,"column":38},"end":{"line":470,"column":68}},{"start":{"line":470,"column":68},"end":{"line":470,"column":null}}],"line":470},"50":{"loc":{"start":{"line":471,"column":2},"end":{"line":473,"column":null}},"type":"if","locations":[{"start":{"line":471,"column":2},"end":{"line":473,"column":null}},{"start":{},"end":{}}],"line":471}},"s":{"0":0,"1":0,"2":0,"3":0,"4":0,"5":0,"6":0,"7":0,"8":0,"9":0,"10":0,"11":0,"12":0,"13":0,"14":0,"15":0,"16":0,"17":0,"18":0,"19":0,"20":0,"21":0,"22":0,"23":0,"24":0,"25":0,"26":0,"27":0,"28":0,"29":0,"30":0,"31":0,"32":0,"33":0,"34":0,"35":0,"36":0,"37":0,"38":0,"39":0,"40":0,"41":0,"42":0,"43":0,"44":0,"45":0,"46":0,"47":0,"48":0,"49":0,"50":0,"51":0,"52":0,"53":0,"54":0,"55":0,"56":0,"57":0,"58":0,"59":0,"60":0,"61":0,"62":0,"63":0,"64":0,"65":0,"66":0,"67":0,"68":0,"69":0,"70":0,"71":0,"72":0,"73":0,"74":0,"75":0,"76":0,"77":0,"78":0,"79":0,"80":0,"81":0,"82":0,"83":0,"84":0,"85":0,"86":0,"87":0,"88":0,"89":0,"90":0,"91":0,"92":0,"93":0,"94":0,"95":0,"96":0,"97":0,"98":0,"99":0,"100":0,"101":0,"102":0,"103":0,"104":0,"105":0,"106":0,"107":0,"108":0,"109":0,"110":0,"111":0,"112":0,"113":0,"114":0,"115":0,"116":0,"117":0,"118":0,"119":0,"120":0,"121":0,"122":0,"123":0,"124":0,"125":0,"126":0,"127":0,"128":0,"129":0,"130":0,"131":0,"132":0,"133":0,"134":0,"135":0,"136":0,"137":0,"138":0,"139":0,"140":0,"141":0,"142":0,"143":0,"144":0,"145":0,"146":0,"147":0,"148":0,"149":0,"150":0,"151":0,"152":0,"153":0,"154":0,"155":0,"156":0,"157":0,"158":0,"159":0,"160":0,"161":0,"162":0,"163":0,"164":0,"165":0,"166":0,"167":0,"168":0,"169":0,"170":0,"171":0,"172":0,"173":0,"174":0,"175":0,"176":0,"177":0,"178":0,"179":0,"180":0,"181":0,"182":0,"183":0,"184":0,"185":0,"186":0},"f":{"0":0,"1":0,"2":0,"3":0,"4":0,"5":0,"6":0,"7":0,"8":0,"9":0,"10":0,"11":0,"12":0,"13":0,"14":0,"15":0,"16":0,"17":0,"18":0,"19":0,"20":0,"21":0,"22":0,"23":0,"24":0,"25":0,"26":0,"27":0,"28":0,"29":0,"30":0,"31":0,"32":0},"b":{"0":[0],"1":[0,0],"2":[0,0],"3":[0,0,0],"4":[0,0],"5":[0,0],"6":[0,0],"7":[0,0],"8":[0,0],"9":[0,0],"10":[0,0],"11":[0,0],"12":[0,0],"13":[0,0],"14":[0,0],"15":[0,0],"16":[0,0],"17":[0,0,0,0],"18":[0,0],"19":[0,0],"20":[0,0],"21":[0,0,0,0],"22":[0,0],"23":[0,0],"24":[0,0],"25":[0,0],"26":[0,0],"27":[0,0],"28":[0,0],"29":[0,0],"30":[0,0],"31":[0,0],"32":[0,0],"33":[0,0,0,0],"34":[0,0],"35":[0,0],"36":[0,0],"37":[0,0],"38":[0,0],"39":[0,0],"40":[0,0],"41":[0,0],"42":[0,0],"43":[0,0],"44":[0,0],"45":[0,0],"46":[0,0],"47":[0,0],"48":[0,0],"49":[0,0,0],"50":[0,0]},"meta":{"lastBranch":51,"lastFunction":33,"lastStatement":187,"seen":{"f:30:15:30:Infinity":0,"b:34:44:34:46":0,"s:36:2:44:Infinity":0,"s:37:4:40:Infinity":1,"s:43:4:43:Infinity":2,"s:44:4:44:Infinity":3,"s:49:9:49:Infinity":4,"s:51:28:51:Infinity":5,"s:52:23:52:Infinity":6,"s:53:68:53:Infinity":7,"f:57:2:57:14":1,"s:58:4:58:Infinity":8,"s:59:4:59:Infinity":9,"f:62:2:62:10":2,"b:63:4:63:Infinity:undefined:undefined:undefined:undefined":1,"s:63:4:63:Infinity":10,"s:63:33:63:Infinity":11,"s:64:4:64:Infinity":12,"s:65:4:65:Infinity":13,"f:68:2:68:10":3,"b:69:4:69:Infinity:undefined:undefined:undefined:undefined":2,"s:69:4:69:Infinity":14,"b:69:8:69:27:69:27:69:40:69:40:69:64":3,"s:69:64:69:Infinity":15,"s:70:25:70:Infinity":16,"s:71:4:71:Infinity":17,"s:72:4:75:Infinity":18,"f:72:29:72:46":4,"s:73:6:73:Infinity":19,"s:74:6:74:Infinity":20,"f:78:2:78:10":5,"b:79:4:79:Infinity:undefined:undefined:undefined:undefined":4,"s:79:4:79:Infinity":21,"b:79:8:79:21:79:21:79:38":5,"s:79:38:79:Infinity":22,"s:81:4:104:Infinity":23,"f:83:8:83:18":6,"s:84:10:87:Infinity":24,"s:88:10:88:Infinity":25,"s:89:10:91:Infinity":26,"f:95:7:95:18":7,"b:96:8:96:Infinity:undefined:undefined:undefined:undefined":6,"s:96:8:96:Infinity":27,"s:96:29:96:Infinity":28,"s:97:8:97:Infinity":29,"s:98:8:98:Infinity":30,"f:100:7:100:14":8,"b:101:8:101:Infinity:undefined:undefined:undefined:undefined":7,"s:101:8:101:Infinity":31,"s:101:29:101:Infinity":32,"s:102:8:102:Infinity":33,"s:103:8:103:Infinity":34,"f:112:16:112:Infinity":9,"b:117:4:117:Infinity:undefined:undefined:undefined:undefined":8,"s:117:4:117:Infinity":35,"s:117:19:117:Infinity":36,"s:119:4:154:Infinity":37,"s:120:19:120:53":38,"b:121:6:123:Infinity:undefined:undefined:undefined:undefined":9,"s:121:6:123:Infinity":39,"s:122:8:122:Infinity":40,"s:123:8:123:Infinity":41,"s:126:12:126:58":42,"s:127:24:127:58":43,"s:128:6:128:Infinity":44,"s:131:20:131:48":45,"s:132:23:132:45":46,"s:133:23:133:64":47,"s:134:24:134:Infinity":48,"b:134:35:134:46:134:46:134:Infinity":10,"s:135:23:135:54":49,"s:137:22:137:Infinity":50,"s:138:19:138:39":51,"b:139:6:144:Infinity:undefined:undefined:undefined:undefined":11,"s:139:6:144:Infinity":52,"s:140:8:143:Infinity":53,"s:144:8:144:Infinity":54,"s:147:21:147:58":55,"s:148:6:148:Infinity":56,"s:150:6:150:Infinity":57,"s:151:6:151:Infinity":58,"s:153:6:153:Infinity":59,"s:154:6:154:Infinity":60,"f:158:8:158:33":10,"s:159:4:159:Infinity":61,"s:160:4:160:Infinity":62,"s:161:4:165:Infinity":63,"s:168:4:180:Infinity":64,"f:168:21:168:32":11,"s:169:21:169:Infinity":65,"s:170:23:170:Infinity":66,"s:172:8:174:Infinity":67,"b:173:12:173:Infinity:174:13:174:Infinity":12,"b:173:12:173:36:173:36:173:Infinity":13,"b:174:13:174:39:174:39:174:Infinity":14,"s:176:6:179:Infinity":68,"s:183:4:185:Infinity":69,"f:183:21:183:30":12,"s:184:6:184:Infinity":70,"s:189:34:189:61":71,"s:191:4:285:Infinity":72,"f:191:32:191:39":13,"b:192:6:194:Infinity:undefined:undefined:undefined:undefined":15,"s:192:6:194:Infinity":73,"s:193:20:193:77":74,"b:194:8:194:Infinity:undefined:undefined:undefined:undefined":16,"s:194:8:194:Infinity":75,"s:194:44:194:Infinity":76,"s:197:22:197:Infinity":77,"s:198:20:198:Infinity":78,"s:199:24:199:71":79,"s:201:8:204:Infinity":80,"b:201:8:201:Infinity:202:8:202:Infinity:203:8:203:31:204:8:204:Infinity":17,"s:205:21:205:Infinity":81,"b:205:21:205:44:205:48:205:Infinity":18,"s:206:20:206:53":82,"s:207:23:207:Infinity":83,"s:209:22:209:Infinity":84,"s:210:31:210:62":85,"s:211:29:211:Infinity":86,"b:211:29:211:46:211:46:211:Infinity":19,"s:212:32:217:Infinity":87,"b:213:10:216:Infinity:217:10:217:Infinity":20,"b:213:10:213:Infinity:214:10:214:Infinity:215:10:215:38:216:10:216:Infinity":21,"s:221:8:223:Infinity":88,"b:222:12:222:Infinity:223:13:223:Infinity":22,"b:223:13:223:39:223:39:223:Infinity":23,"s:228:26:228:57":89,"b:229:6:241:Infinity:undefined:undefined:undefined:undefined":24,"s:229:6:241:Infinity":90,"s:230:25:230:51":91,"b:230:25:230:49:230:49:230:51":25,"s:231:31:239:Infinity":92,"f:231:40:231:46":14,"b:232:10:236:Infinity:undefined:undefined:undefined:undefined":26,"s:232:10:236:Infinity":93,"s:233:32:235:28":94,"s:236:12:236:Infinity":95,"s:238:10:238:Infinity":96,"b:240:8:241:Infinity:undefined:undefined:undefined:undefined":27,"s:240:8:241:Infinity":97,"b:240:12:240:30:240:30:240:60":28,"s:241:10:241:Infinity":98,"s:247:8:247:Infinity":99,"b:247:8:247:37:247:37:247:Infinity":29,"s:248:6:254:Infinity":100,"s:257:20:257:Infinity":101,"b:258:6:263:Infinity:undefined:undefined:undefined:undefined":30,"s:258:6:263:Infinity":102,"s:259:8:262:Infinity":103,"s:263:8:263:Infinity":104,"s:267:6:279:Infinity":105,"b:275:30:275:49:275:52:275:Infinity":31,"s:281:6:284:Infinity":106,"s:288:10:345:Infinity":107,"f:288:10:288:Infinity":15,"s:293:22:293:Infinity":108,"s:294:20:294:Infinity":109,"b:295:6:295:Infinity:undefined:undefined:undefined:undefined":32,"s:295:6:295:Infinity":110,"s:295:18:295:Infinity":111,"s:297:24:297:71":112,"s:299:8:302:Infinity":113,"b:299:8:299:Infinity:300:8:300:Infinity:301:8:301:32:302:8:302:Infinity":33,"s:303:22:303:Infinity":114,"b:303:44:303:72:303:72:303:Infinity":34,"s:306:8:306:Infinity":115,"b:306:8:306:37:306:37:306:Infinity":35,"s:307:6:313:Infinity":116,"s:315:12:324:Infinity":117,"f:315:12:315:23":16,"s:316:8:324:Infinity":118,"b:319:18:319:42:319:46:319:Infinity":36,"b:328:6:342:Infinity:undefined:undefined:undefined:undefined":37,"s:328:6:342:Infinity":119,"s:329:22:329:55":120,"s:331:10:332:Infinity":121,"b:331:10:331:Infinity:332:10:332:Infinity":38,"s:333:8:341:Infinity":122,"f:333:63:333:Infinity":17,"b:335:12:338:Infinity:337:19:338:Infinity":39,"s:335:12:338:Infinity":123,"s:336:14:336:Infinity":124,"s:338:14:338:Infinity":125,"s:342:8:342:Infinity":126,"s:345:6:345:Infinity":127,"s:348:4:356:Infinity":128,"f:348:16:348:34":18,"s:350:21:350:Infinity":129,"s:351:22:351:Infinity":130,"s:352:6:355:Infinity":131,"s:357:4:362:Infinity":132,"f:357:16:357:34":19,"s:358:6:361:Infinity":133,"s:363:4:368:Infinity":134,"f:363:16:363:34":20,"s:364:6:367:Infinity":135,"s:369:4:376:Infinity":136,"f:369:16:369:34":21,"s:371:8:371:Infinity":137,"b:371:8:371:40:371:40:371:Infinity":40,"s:372:6:375:Infinity":138,"s:377:4:383:Infinity":139,"f:377:16:377:37":22,"s:378:19:378:Infinity":140,"b:378:19:378:54:378:54:378:Infinity":41,"s:379:6:382:Infinity":141,"s:384:4:387:Infinity":142,"f:384:16:384:36":23,"s:385:20:385:Infinity":143,"b:385:20:385:50:385:50:385:Infinity":42,"s:386:6:386:Infinity":144,"s:388:4:388:Infinity":145,"f:388:16:388:37":24,"s:388:45:388:74":146,"s:389:4:389:Infinity":147,"f:389:16:389:36":25,"s:389:44:389:72":148,"s:392:4:394:Infinity":149,"f:392:13:392:20":26,"s:393:6:393:Infinity":150,"s:396:4:396:Infinity":151,"f:399:8:399:Infinity":27,"b:404:4:406:Infinity:undefined:undefined:undefined:undefined":43,"s:404:4:406:Infinity":152,"s:405:6:405:Infinity":153,"s:406:6:406:Infinity":154,"s:409:4:434:Infinity":155,"s:410:24:410:47":156,"s:411:22:413:12":157,"b:412:10:412:55:413:10:413:12":44,"s:416:25:416:Infinity":158,"b:417:6:426:Infinity:419:13:426:Infinity":45,"s:417:6:426:Infinity":159,"s:418:8:418:Infinity":160,"s:420:8:426:Infinity":161,"s:420:21:420:24":162,"s:421:10:426:Infinity":163,"s:429:6:432:Infinity":164,"s:434:6:434:Infinity":165,"f:438:2:438:25":28,"s:439:4:439:Infinity":166,"f:442:2:442:10":29,"s:443:4:443:Infinity":167,"f:446:8:446:36":30,"s:447:4:447:Infinity":168,"s:448:4:448:Infinity":169,"b:449:4:452:Infinity:undefined:undefined:undefined:undefined":46,"s:449:4:452:Infinity":170,"s:450:6:450:Infinity":171,"s:451:6:451:Infinity":172,"s:452:6:452:Infinity":173,"f:456:8:456:18":31,"b:457:4:457:Infinity:undefined:undefined:undefined:undefined":47,"s:457:4:457:Infinity":174,"b:457:8:457:21:457:21:457:32":48,"s:457:32:457:Infinity":175,"s:458:4:462:Infinity":176,"s:459:24:459:47":177,"s:460:6:460:Infinity":178,"s:462:6:462:Infinity":179,"s:467:0:476:Infinity":180,"f:467:16:467:29":32,"s:468:8:468:53":181,"s:470:4:470:Infinity":182,"b:470:4:470:38:470:38:470:68:470:68:470:Infinity":49,"b:471:2:473:Infinity:undefined:undefined:undefined:undefined":50,"s:471:2:473:Infinity":183,"s:472:4:472:Infinity":184,"s:473:4:473:Infinity":185,"s:475:2:475:Infinity":186}}}
,"/Users/ravikiranvemula/Workdir/nanoclaw/src/core/config.ts": {"path":"/Users/ravikiranvemula/Workdir/nanoclaw/src/core/config.ts","statementMap":{"0":{"start":{"line":8,"column":6},"end":{"line":62,"column":2}},"1":{"start":{"line":65,"column":2},"end":{"line":65,"column":null}},"2":{"start":{"line":66,"column":29},"end":{"line":66,"column":null}},"3":{"start":{"line":67,"column":39},"end":{"line":67,"column":null}},"4":{"start":{"line":70,"column":21},"end":{"line":70,"column":34}},"5":{"start":{"line":71,"column":17},"end":{"line":71,"column":49}},"6":{"start":{"line":72,"column":35},"end":{"line":72,"column":77}},"7":{"start":{"line":74,"column":37},"end":{"line":76,"column":null}},"8":{"start":{"line":78,"column":40},"end":{"line":80,"column":null}},"9":{"start":{"line":82,"column":25},"end":{"line":82,"column":60}},"10":{"start":{"line":83,"column":26},"end":{"line":83,"column":62}},"11":{"start":{"line":84,"column":24},"end":{"line":84,"column":58}},"12":{"start":{"line":85,"column":34},"end":{"line":89,"column":null}},"13":{"start":{"line":92,"column":2},"end":{"line":92,"column":null}},"14":{"start":{"line":94,"column":2},"end":{"line":94,"column":null}},"15":{"start":{"line":96,"column":2},"end":{"line":98,"column":null}},"16":{"start":{"line":100,"column":18},"end":{"line":100,"column":28}},"17":{"start":{"line":101,"column":2},"end":{"line":101,"column":null}},"18":{"start":{"line":101,"column":16},"end":{"line":101,"column":null}},"19":{"start":{"line":102,"column":2},"end":{"line":104,"column":null}},"20":{"start":{"line":108,"column":2},"end":{"line":108,"column":null}},"21":{"start":{"line":108,"column":39},"end":{"line":108,"column":null}},"22":{"start":{"line":109,"column":21},"end":{"line":109,"column":45}},"23":{"start":{"line":110,"column":2},"end":{"line":111,"column":null}},"24":{"start":{"line":111,"column":4},"end":{"line":111,"column":null}},"25":{"start":{"line":112,"column":2},"end":{"line":113,"column":null}},"26":{"start":{"line":113,"column":4},"end":{"line":113,"column":null}},"27":{"start":{"line":114,"column":2},"end":{"line":114,"column":null}},"28":{"start":{"line":121,"column":2},"end":{"line":121,"column":null}},"29":{"start":{"line":121,"column":20},"end":{"line":121,"column":null}},"30":{"start":{"line":122,"column":2},"end":{"line":133,"column":null}},"31":{"start":{"line":123,"column":19},"end":{"line":123,"column":34}},"32":{"start":{"line":124,"column":4},"end":{"line":124,"column":null}},"33":{"start":{"line":124,"column":47},"end":{"line":124,"column":null}},"34":{"start":{"line":125,"column":43},"end":{"line":125,"column":58}},"35":{"start":{"line":126,"column":4},"end":{"line":129,"column":null}},"36":{"start":{"line":127,"column":20},"end":{"line":127,"column":33}},"37":{"start":{"line":128,"column":6},"end":{"line":128,"column":null}},"38":{"start":{"line":128,"column":49},"end":{"line":128,"column":null}},"39":{"start":{"line":129,"column":6},"end":{"line":129,"column":null}},"40":{"start":{"line":131,"column":4},"end":{"line":131,"column":null}},"41":{"start":{"line":133,"column":4},"end":{"line":133,"column":null}},"42":{"start":{"line":138,"column":2},"end":{"line":138,"column":null}},"43":{"start":{"line":139,"column":40},"end":{"line":146,"column":null}},"44":{"start":{"line":149,"column":2},"end":{"line":151,"column":null}},"45":{"start":{"line":153,"column":2},"end":{"line":155,"column":null}},"46":{"start":{"line":156,"column":33},"end":{"line":161,"column":null}},"47":{"start":{"line":163,"column":36},"end":{"line":168,"column":null}},"48":{"start":{"line":170,"column":38},"end":{"line":177,"column":null}},"49":{"start":{"line":179,"column":42},"end":{"line":188,"column":null}},"50":{"start":{"line":190,"column":51},"end":{"line":196,"column":null}},"51":{"start":{"line":198,"column":33},"end":{"line":205,"column":null}},"52":{"start":{"line":207,"column":41},"end":{"line":213,"column":null}},"53":{"start":{"line":215,"column":40},"end":{"line":221,"column":null}},"54":{"start":{"line":223,"column":66},"end":{"line":228,"column":null}},"55":{"start":{"line":229,"column":41},"end":{"line":231,"column":null}},"56":{"start":{"line":233,"column":48},"end":{"line":242,"column":null}},"57":{"start":{"line":244,"column":52},"end":{"line":251,"column":null}},"58":{"start":{"line":254,"column":2},"end":{"line":254,"column":null}},"59":{"start":{"line":255,"column":46},"end":{"line":264,"column":null}},"60":{"start":{"line":266,"column":41},"end":{"line":273,"column":null}},"61":{"start":{"line":275,"column":45},"end":{"line":278,"column":null}},"62":{"start":{"line":280,"column":47},"end":{"line":289,"column":null}},"63":{"start":{"line":291,"column":43},"end":{"line":293,"column":null}},"64":{"start":{"line":295,"column":40},"end":{"line":302,"column":null}},"65":{"start":{"line":304,"column":45},"end":{"line":307,"column":null}},"66":{"start":{"line":309,"column":46},"end":{"line":318,"column":null}},"67":{"start":{"line":320,"column":49},"end":{"line":329,"column":null}},"68":{"start":{"line":331,"column":49},"end":{"line":338,"column":null}},"69":{"start":{"line":340,"column":44},"end":{"line":343,"column":null}},"70":{"start":{"line":345,"column":46},"end":{"line":352,"column":null}},"71":{"start":{"line":354,"column":54},"end":{"line":363,"column":null}},"72":{"start":{"line":365,"column":39},"end":{"line":367,"column":null}},"73":{"start":{"line":370,"column":2},"end":{"line":372,"column":null}},"74":{"start":{"line":373,"column":51},"end":{"line":382,"column":null}},"75":{"start":{"line":384,"column":47},"end":{"line":393,"column":null}},"76":{"start":{"line":395,"column":43},"end":{"line":402,"column":null}},"77":{"start":{"line":404,"column":50},"end":{"line":411,"column":null}},"78":{"start":{"line":413,"column":48},"end":{"line":422,"column":null}},"79":{"start":{"line":424,"column":48},"end":{"line":433,"column":null}},"80":{"start":{"line":435,"column":39},"end":{"line":442,"column":null}},"81":{"start":{"line":444,"column":40},"end":{"line":451,"column":null}},"82":{"start":{"line":453,"column":43},"end":{"line":460,"column":null}},"83":{"start":{"line":462,"column":43},"end":{"line":469,"column":null}},"84":{"start":{"line":471,"column":33},"end":{"line":476,"column":null}},"85":{"start":{"line":478,"column":47},"end":{"line":485,"column":null}},"86":{"start":{"line":487,"column":49},"end":{"line":494,"column":null}},"87":{"start":{"line":497,"column":29},"end":{"line":499,"column":null}},"88":{"start":{"line":501,"column":37},"end":{"line":505,"column":null}},"89":{"start":{"line":507,"column":26},"end":{"line":507,"column":null}},"90":{"start":{"line":509,"column":18},"end":{"line":509,"column":31}},"91":{"start":{"line":510,"column":2},"end":{"line":510,"column":null}},"92":{"start":{"line":513,"column":31},"end":{"line":514,"column":null}},"93":{"start":{"line":516,"column":28},"end":{"line":517,"column":null}},"94":{"start":{"line":520,"column":2},"end":{"line":524,"column":null}},"95":{"start":{"line":535,"column":2},"end":{"line":536,"column":null}},"96":{"start":{"line":536,"column":4},"end":{"line":536,"column":null}},"97":{"start":{"line":538,"column":2},"end":{"line":539,"column":null}},"98":{"start":{"line":539,"column":4},"end":{"line":539,"column":null}},"99":{"start":{"line":541,"column":2},"end":{"line":541,"column":null}},"100":{"start":{"line":548,"column":31},"end":{"line":548,"column":62}},"101":{"start":{"line":549,"column":2},"end":{"line":553,"column":null}},"102":{"start":{"line":550,"column":4},"end":{"line":553,"column":null}},"103":{"start":{"line":555,"column":2},"end":{"line":555,"column":null}},"104":{"start":{"line":558,"column":39},"end":{"line":560,"column":null}},"105":{"start":{"line":562,"column":33},"end":{"line":562,"column":null}},"106":{"start":{"line":563,"column":28},"end":{"line":563,"column":79}},"107":{"start":{"line":564,"column":41},"end":{"line":566,"column":null}},"108":{"start":{"line":570,"column":2},"end":{"line":570,"column":null}},"109":{"start":{"line":574,"column":2},"end":{"line":574,"column":null}},"110":{"start":{"line":577,"column":31},"end":{"line":577,"column":null}},"111":{"start":{"line":580,"column":28},"end":{"line":580,"column":43}},"112":{"start":{"line":581,"column":2},"end":{"line":581,"column":null}},"113":{"start":{"line":584,"column":31},"end":{"line":584,"column":67}},"114":{"start":{"line":589,"column":21},"end":{"line":593,"column":null}},"115":{"start":{"line":594,"column":2},"end":{"line":595,"column":null}},"116":{"start":{"line":595,"column":4},"end":{"line":595,"column":null}},"117":{"start":{"line":595,"column":35},"end":{"line":595,"column":null}},"118":{"start":{"line":597,"column":2},"end":{"line":597,"column":null}},"119":{"start":{"line":599,"column":24},"end":{"line":599,"column":47}}},"fnMap":{"0":{"name":"resolveOptionalPath","decl":{"start":{"line":99,"column":9},"end":{"line":99,"column":29}},"loc":{"start":{"line":99,"column":50},"end":{"line":104,"column":null}},"line":99},"1":{"name":"parseBooleanEnv","decl":{"start":{"line":107,"column":9},"end":{"line":107,"column":25}},"loc":{"start":{"line":107,"column":78},"end":{"line":114,"column":null}},"line":107},"2":{"name":"parseSourceTypeBoosts","decl":{"start":{"line":117,"column":9},"end":{"line":117,"column":null}},"loc":{"start":{"line":120,"column":26},"end":{"line":133,"column":null}},"line":120},"3":{"name":"normalizeModelValue","decl":{"start":{"line":508,"column":9},"end":{"line":508,"column":29}},"loc":{"start":{"line":508,"column":65},"end":{"line":510,"column":null}},"line":508},"4":{"name":"getDefaultModelConfig","decl":{"start":{"line":531,"column":16},"end":{"line":531,"column":null}},"loc":{"start":{"line":534,"column":2},"end":{"line":541,"column":null}},"line":534},"5":{"name":"getEffectiveModelConfig","decl":{"start":{"line":544,"column":16},"end":{"line":544,"column":40}},"loc":{"start":{"line":547,"column":2},"end":{"line":555,"column":null}},"line":547},"6":{"name":"escapeRegex","decl":{"start":{"line":569,"column":9},"end":{"line":569,"column":21}},"loc":{"start":{"line":569,"column":42},"end":{"line":570,"column":null}},"line":569},"7":{"name":"buildTriggerPattern","decl":{"start":{"line":573,"column":16},"end":{"line":573,"column":36}},"loc":{"start":{"line":573,"column":61},"end":{"line":574,"column":null}},"line":573},"8":{"name":"getTriggerPattern","decl":{"start":{"line":579,"column":16},"end":{"line":579,"column":34}},"loc":{"start":{"line":579,"column":60},"end":{"line":581,"column":null}},"line":579},"9":{"name":"resolveConfigTimezone","decl":{"start":{"line":588,"column":9},"end":{"line":588,"column":41}},"loc":{"start":{"line":588,"column":41},"end":{"line":597,"column":null}},"line":588}},"branchMap":{"0":{"loc":{"start":{"line":65,"column":2},"end":{"line":65,"column":null}},"type":"binary-expr","locations":[{"start":{"line":65,"column":2},"end":{"line":65,"column":32}},{"start":{"line":65,"column":32},"end":{"line":65,"column":60}},{"start":{"line":65,"column":60},"end":{"line":65,"column":null}}],"line":65},"1":{"loc":{"start":{"line":71,"column":17},"end":{"line":71,"column":49}},"type":"binary-expr","locations":[{"start":{"line":71,"column":17},"end":{"line":71,"column":37}},{"start":{"line":71,"column":37},"end":{"line":71,"column":49}}],"line":71},"2":{"loc":{"start":{"line":87,"column":2},"end":{"line":89,"column":null}},"type":"binary-expr","locations":[{"start":{"line":87,"column":2},"end":{"line":87,"column":null}},{"start":{"line":88,"column":4},"end":{"line":88,"column":null}},{"start":{"line":89,"column":4},"end":{"line":89,"column":null}}],"line":87},"3":{"loc":{"start":{"line":92,"column":2},"end":{"line":92,"column":null}},"type":"binary-expr","locations":[{"start":{"line":92,"column":2},"end":{"line":92,"column":33}},{"start":{"line":92,"column":33},"end":{"line":92,"column":62}},{"start":{"line":92,"column":62},"end":{"line":92,"column":null}}],"line":92},"4":{"loc":{"start":{"line":94,"column":2},"end":{"line":94,"column":null}},"type":"binary-expr","locations":[{"start":{"line":94,"column":2},"end":{"line":94,"column":35}},{"start":{"line":94,"column":35},"end":{"line":94,"column":66}},{"start":{"line":94,"column":66},"end":{"line":94,"column":null}}],"line":94},"5":{"loc":{"start":{"line":96,"column":2},"end":{"line":98,"column":null}},"type":"binary-expr","locations":[{"start":{"line":96,"column":2},"end":{"line":96,"column":null}},{"start":{"line":97,"column":2},"end":{"line":97,"column":null}},{"start":{"line":98,"column":2},"end":{"line":98,"column":null}}],"line":96},"6":{"loc":{"start":{"line":101,"column":2},"end":{"line":101,"column":null}},"type":"if","locations":[{"start":{"line":101,"column":2},"end":{"line":101,"column":null}},{"start":{},"end":{}}],"line":101},"7":{"loc":{"start":{"line":102,"column":9},"end":{"line":104,"column":41}},"type":"cond-expr","locations":[{"start":{"line":103,"column":6},"end":{"line":103,"column":27}},{"start":{"line":104,"column":6},"end":{"line":104,"column":41}}],"line":102},"8":{"loc":{"start":{"line":108,"column":2},"end":{"line":108,"column":null}},"type":"if","locations":[{"start":{"line":108,"column":2},"end":{"line":108,"column":null}},{"start":{},"end":{}}],"line":108},"9":{"loc":{"start":{"line":108,"column":6},"end":{"line":108,"column":39}},"type":"binary-expr","locations":[{"start":{"line":108,"column":6},"end":{"line":108,"column":27}},{"start":{"line":108,"column":27},"end":{"line":108,"column":39}}],"line":108},"10":{"loc":{"start":{"line":110,"column":2},"end":{"line":111,"column":null}},"type":"if","locations":[{"start":{"line":110,"column":2},"end":{"line":111,"column":null}},{"start":{},"end":{}}],"line":110},"11":{"loc":{"start":{"line":110,"column":6},"end":{"line":110,"column":null}},"type":"binary-expr","locations":[{"start":{"line":110,"column":6},"end":{"line":110,"column":28}},{"start":{"line":110,"column":28},"end":{"line":110,"column":53}},{"start":{"line":110,"column":53},"end":{"line":110,"column":null}}],"line":110},"12":{"loc":{"start":{"line":112,"column":2},"end":{"line":113,"column":null}},"type":"if","locations":[{"start":{"line":112,"column":2},"end":{"line":113,"column":null}},{"start":{},"end":{}}],"line":112},"13":{"loc":{"start":{"line":112,"column":6},"end":{"line":112,"column":null}},"type":"binary-expr","locations":[{"start":{"line":112,"column":6},"end":{"line":112,"column":28}},{"start":{"line":112,"column":28},"end":{"line":112,"column":54}},{"start":{"line":112,"column":54},"end":{"line":112,"column":null}}],"line":112},"14":{"loc":{"start":{"line":121,"column":2},"end":{"line":121,"column":null}},"type":"if","locations":[{"start":{"line":121,"column":2},"end":{"line":121,"column":null}},{"start":{},"end":{}}],"line":121},"15":{"loc":{"start":{"line":124,"column":4},"end":{"line":124,"column":null}},"type":"if","locations":[{"start":{"line":124,"column":4},"end":{"line":124,"column":null}},{"start":{},"end":{}}],"line":124},"16":{"loc":{"start":{"line":124,"column":8},"end":{"line":124,"column":47}},"type":"binary-expr","locations":[{"start":{"line":124,"column":8},"end":{"line":124,"column":19}},{"start":{"line":124,"column":19},"end":{"line":124,"column":47}}],"line":124},"17":{"loc":{"start":{"line":128,"column":6},"end":{"line":128,"column":null}},"type":"if","locations":[{"start":{"line":128,"column":6},"end":{"line":128,"column":null}},{"start":{},"end":{}}],"line":128},"18":{"loc":{"start":{"line":128,"column":10},"end":{"line":128,"column":49}},"type":"binary-expr","locations":[{"start":{"line":128,"column":10},"end":{"line":128,"column":33}},{"start":{"line":128,"column":37},"end":{"line":128,"column":49}}],"line":128},"19":{"loc":{"start":{"line":138,"column":2},"end":{"line":138,"column":null}},"type":"binary-expr","locations":[{"start":{"line":138,"column":2},"end":{"line":138,"column":32}},{"start":{"line":138,"column":32},"end":{"line":138,"column":60}},{"start":{"line":138,"column":60},"end":{"line":138,"column":null}}],"line":138},"20":{"loc":{"start":{"line":142,"column":4},"end":{"line":144,"column":null}},"type":"binary-expr","locations":[{"start":{"line":142,"column":4},"end":{"line":142,"column":null}},{"start":{"line":143,"column":6},"end":{"line":143,"column":null}},{"start":{"line":144,"column":6},"end":{"line":144,"column":null}}],"line":142},"21":{"loc":{"start":{"line":149,"column":2},"end":{"line":151,"column":null}},"type":"binary-expr","locations":[{"start":{"line":149,"column":2},"end":{"line":149,"column":null}},{"start":{"line":150,"column":2},"end":{"line":150,"column":null}},{"start":{"line":151,"column":2},"end":{"line":151,"column":null}}],"line":149},"22":{"loc":{"start":{"line":153,"column":2},"end":{"line":155,"column":null}},"type":"binary-expr","locations":[{"start":{"line":153,"column":2},"end":{"line":153,"column":null}},{"start":{"line":154,"column":2},"end":{"line":154,"column":null}},{"start":{"line":155,"column":2},"end":{"line":155,"column":null}}],"line":153},"23":{"loc":{"start":{"line":158,"column":2},"end":{"line":161,"column":null}},"type":"binary-expr","locations":[{"start":{"line":158,"column":2},"end":{"line":160,"column":null}},{"start":{"line":161,"column":7},"end":{"line":161,"column":null}}],"line":158},"24":{"loc":{"start":{"line":159,"column":4},"end":{"line":159,"column":null}},"type":"binary-expr","locations":[{"start":{"line":159,"column":4},"end":{"line":159,"column":37}},{"start":{"line":159,"column":37},"end":{"line":159,"column":68}},{"start":{"line":159,"column":68},"end":{"line":159,"column":null}}],"line":159},"25":{"loc":{"start":{"line":165,"column":2},"end":{"line":168,"column":null}},"type":"binary-expr","locations":[{"start":{"line":165,"column":2},"end":{"line":167,"column":null}},{"start":{"line":168,"column":7},"end":{"line":168,"column":null}}],"line":165},"26":{"loc":{"start":{"line":166,"column":4},"end":{"line":166,"column":null}},"type":"binary-expr","locations":[{"start":{"line":166,"column":4},"end":{"line":166,"column":40}},{"start":{"line":166,"column":40},"end":{"line":166,"column":74}},{"start":{"line":166,"column":74},"end":{"line":166,"column":null}}],"line":166},"27":{"loc":{"start":{"line":172,"column":2},"end":{"line":177,"column":null}},"type":"binary-expr","locations":[{"start":{"line":172,"column":2},"end":{"line":176,"column":null}},{"start":{"line":177,"column":7},"end":{"line":177,"column":null}}],"line":172},"28":{"loc":{"start":{"line":173,"column":4},"end":{"line":175,"column":null}},"type":"binary-expr","locations":[{"start":{"line":173,"column":4},"end":{"line":173,"column":null}},{"start":{"line":174,"column":6},"end":{"line":174,"column":null}},{"start":{"line":175,"column":6},"end":{"line":175,"column":null}}],"line":173},"29":{"loc":{"start":{"line":183,"column":4},"end":{"line":187,"column":null}},"type":"binary-expr","locations":[{"start":{"line":183,"column":4},"end":{"line":186,"column":null}},{"start":{"line":187,"column":9},"end":{"line":187,"column":null}}],"line":183},"30":{"loc":{"start":{"line":184,"column":6},"end":{"line":186,"column":null}},"type":"binary-expr","locations":[{"start":{"line":184,"column":6},"end":{"line":184,"column":null}},{"start":{"line":185,"column":8},"end":{"line":185,"column":null}},{"start":{"line":186,"column":8},"end":{"line":186,"column":null}}],"line":184},"31":{"loc":{"start":{"line":192,"column":2},"end":{"line":196,"column":null}},"type":"binary-expr","locations":[{"start":{"line":192,"column":2},"end":{"line":195,"column":null}},{"start":{"line":196,"column":7},"end":{"line":196,"column":null}}],"line":192},"32":{"loc":{"start":{"line":193,"column":4},"end":{"line":195,"column":null}},"type":"binary-expr","locations":[{"start":{"line":193,"column":4},"end":{"line":193,"column":null}},{"start":{"line":194,"column":6},"end":{"line":194,"column":null}},{"start":{"line":195,"column":6},"end":{"line":195,"column":null}}],"line":193},"33":{"loc":{"start":{"line":202,"column":4},"end":{"line":204,"column":null}},"type":"binary-expr","locations":[{"start":{"line":202,"column":4},"end":{"line":203,"column":null}},{"start":{"line":204,"column":9},"end":{"line":204,"column":null}}],"line":202},"34":{"loc":{"start":{"line":203,"column":6},"end":{"line":203,"column":null}},"type":"binary-expr","locations":[{"start":{"line":203,"column":6},"end":{"line":203,"column":39}},{"start":{"line":203,"column":39},"end":{"line":203,"column":70}},{"start":{"line":203,"column":70},"end":{"line":203,"column":null}}],"line":203},"35":{"loc":{"start":{"line":209,"column":2},"end":{"line":213,"column":null}},"type":"binary-expr","locations":[{"start":{"line":209,"column":2},"end":{"line":212,"column":null}},{"start":{"line":213,"column":7},"end":{"line":213,"column":null}}],"line":209},"36":{"loc":{"start":{"line":210,"column":4},"end":{"line":212,"column":null}},"type":"binary-expr","locations":[{"start":{"line":210,"column":4},"end":{"line":210,"column":null}},{"start":{"line":211,"column":6},"end":{"line":211,"column":null}},{"start":{"line":212,"column":6},"end":{"line":212,"column":null}}],"line":210},"37":{"loc":{"start":{"line":217,"column":2},"end":{"line":221,"column":null}},"type":"binary-expr","locations":[{"start":{"line":217,"column":2},"end":{"line":220,"column":null}},{"start":{"line":221,"column":7},"end":{"line":221,"column":null}}],"line":217},"38":{"loc":{"start":{"line":218,"column":4},"end":{"line":220,"column":null}},"type":"binary-expr","locations":[{"start":{"line":218,"column":4},"end":{"line":218,"column":null}},{"start":{"line":219,"column":6},"end":{"line":219,"column":null}},{"start":{"line":220,"column":6},"end":{"line":220,"column":null}}],"line":218},"39":{"loc":{"start":{"line":230,"column":2},"end":{"line":230,"column":null}},"type":"binary-expr","locations":[{"start":{"line":230,"column":2},"end":{"line":230,"column":43}},{"start":{"line":230,"column":43},"end":{"line":230,"column":null}}],"line":230},"40":{"loc":{"start":{"line":237,"column":4},"end":{"line":241,"column":null}},"type":"binary-expr","locations":[{"start":{"line":237,"column":4},"end":{"line":240,"column":null}},{"start":{"line":241,"column":9},"end":{"line":241,"column":null}}],"line":237},"41":{"loc":{"start":{"line":238,"column":6},"end":{"line":240,"column":null}},"type":"binary-expr","locations":[{"start":{"line":238,"column":6},"end":{"line":238,"column":null}},{"start":{"line":239,"column":8},"end":{"line":239,"column":null}},{"start":{"line":240,"column":8},"end":{"line":240,"column":null}}],"line":238},"42":{"loc":{"start":{"line":246,"column":2},"end":{"line":251,"column":null}},"type":"binary-expr","locations":[{"start":{"line":246,"column":2},"end":{"line":250,"column":null}},{"start":{"line":251,"column":7},"end":{"line":251,"column":null}}],"line":246},"43":{"loc":{"start":{"line":247,"column":4},"end":{"line":249,"column":null}},"type":"binary-expr","locations":[{"start":{"line":247,"column":4},"end":{"line":247,"column":null}},{"start":{"line":248,"column":6},"end":{"line":248,"column":null}},{"start":{"line":249,"column":6},"end":{"line":249,"column":null}}],"line":247},"44":{"loc":{"start":{"line":254,"column":2},"end":{"line":254,"column":null}},"type":"binary-expr","locations":[{"start":{"line":254,"column":2},"end":{"line":254,"column":37}},{"start":{"line":254,"column":37},"end":{"line":254,"column":70}},{"start":{"line":254,"column":70},"end":{"line":254,"column":null}}],"line":254},"45":{"loc":{"start":{"line":259,"column":4},"end":{"line":263,"column":null}},"type":"binary-expr","locations":[{"start":{"line":259,"column":4},"end":{"line":262,"column":null}},{"start":{"line":263,"column":9},"end":{"line":263,"column":null}}],"line":259},"46":{"loc":{"start":{"line":260,"column":6},"end":{"line":262,"column":null}},"type":"binary-expr","locations":[{"start":{"line":260,"column":6},"end":{"line":260,"column":null}},{"start":{"line":261,"column":8},"end":{"line":261,"column":null}},{"start":{"line":262,"column":8},"end":{"line":262,"column":null}}],"line":260},"47":{"loc":{"start":{"line":268,"column":2},"end":{"line":273,"column":null}},"type":"binary-expr","locations":[{"start":{"line":268,"column":2},"end":{"line":272,"column":null}},{"start":{"line":273,"column":7},"end":{"line":273,"column":null}}],"line":268},"48":{"loc":{"start":{"line":269,"column":4},"end":{"line":271,"column":null}},"type":"binary-expr","locations":[{"start":{"line":269,"column":4},"end":{"line":269,"column":null}},{"start":{"line":270,"column":6},"end":{"line":270,"column":null}},{"start":{"line":271,"column":6},"end":{"line":271,"column":null}}],"line":269},"49":{"loc":{"start":{"line":276,"column":2},"end":{"line":277,"column":null}},"type":"binary-expr","locations":[{"start":{"line":276,"column":2},"end":{"line":276,"column":null}},{"start":{"line":277,"column":4},"end":{"line":277,"column":null}}],"line":276},"50":{"loc":{"start":{"line":284,"column":4},"end":{"line":288,"column":null}},"type":"binary-expr","locations":[{"start":{"line":284,"column":4},"end":{"line":287,"column":null}},{"start":{"line":288,"column":9},"end":{"line":288,"column":null}}],"line":284},"51":{"loc":{"start":{"line":285,"column":6},"end":{"line":287,"column":null}},"type":"binary-expr","locations":[{"start":{"line":285,"column":6},"end":{"line":285,"column":null}},{"start":{"line":286,"column":8},"end":{"line":286,"column":null}},{"start":{"line":287,"column":8},"end":{"line":287,"column":null}}],"line":285},"52":{"loc":{"start":{"line":292,"column":2},"end":{"line":293,"column":null}},"type":"binary-expr","locations":[{"start":{"line":292,"column":2},"end":{"line":292,"column":null}},{"start":{"line":293,"column":5},"end":{"line":293,"column":null}}],"line":292},"53":{"loc":{"start":{"line":293,"column":5},"end":{"line":293,"column":null}},"type":"cond-expr","locations":[{"start":{"line":293,"column":25},"end":{"line":293,"column":66}},{"start":{"line":293,"column":69},"end":{"line":293,"column":null}}],"line":293},"54":{"loc":{"start":{"line":297,"column":2},"end":{"line":302,"column":null}},"type":"binary-expr","locations":[{"start":{"line":297,"column":2},"end":{"line":301,"column":null}},{"start":{"line":302,"column":7},"end":{"line":302,"column":null}}],"line":297},"55":{"loc":{"start":{"line":298,"column":4},"end":{"line":300,"column":null}},"type":"binary-expr","locations":[{"start":{"line":298,"column":4},"end":{"line":298,"column":null}},{"start":{"line":299,"column":6},"end":{"line":299,"column":null}},{"start":{"line":300,"column":6},"end":{"line":300,"column":null}}],"line":298},"56":{"loc":{"start":{"line":305,"column":2},"end":{"line":306,"column":null}},"type":"binary-expr","locations":[{"start":{"line":305,"column":2},"end":{"line":305,"column":null}},{"start":{"line":306,"column":4},"end":{"line":306,"column":null}}],"line":305},"57":{"loc":{"start":{"line":313,"column":4},"end":{"line":317,"column":null}},"type":"binary-expr","locations":[{"start":{"line":313,"column":4},"end":{"line":316,"column":null}},{"start":{"line":317,"column":9},"end":{"line":317,"column":null}}],"line":313},"58":{"loc":{"start":{"line":314,"column":6},"end":{"line":316,"column":null}},"type":"binary-expr","locations":[{"start":{"line":314,"column":6},"end":{"line":314,"column":null}},{"start":{"line":315,"column":8},"end":{"line":315,"column":null}},{"start":{"line":316,"column":8},"end":{"line":316,"column":null}}],"line":314},"59":{"loc":{"start":{"line":324,"column":4},"end":{"line":328,"column":null}},"type":"binary-expr","locations":[{"start":{"line":324,"column":4},"end":{"line":327,"column":null}},{"start":{"line":328,"column":9},"end":{"line":328,"column":null}}],"line":324},"60":{"loc":{"start":{"line":325,"column":6},"end":{"line":327,"column":null}},"type":"binary-expr","locations":[{"start":{"line":325,"column":6},"end":{"line":325,"column":null}},{"start":{"line":326,"column":8},"end":{"line":326,"column":null}},{"start":{"line":327,"column":8},"end":{"line":327,"column":null}}],"line":325},"61":{"loc":{"start":{"line":333,"column":2},"end":{"line":338,"column":null}},"type":"binary-expr","locations":[{"start":{"line":333,"column":2},"end":{"line":337,"column":null}},{"start":{"line":338,"column":7},"end":{"line":338,"column":null}}],"line":333},"62":{"loc":{"start":{"line":334,"column":4},"end":{"line":336,"column":null}},"type":"binary-expr","locations":[{"start":{"line":334,"column":4},"end":{"line":334,"column":null}},{"start":{"line":335,"column":6},"end":{"line":335,"column":null}},{"start":{"line":336,"column":6},"end":{"line":336,"column":null}}],"line":334},"63":{"loc":{"start":{"line":341,"column":2},"end":{"line":342,"column":null}},"type":"binary-expr","locations":[{"start":{"line":341,"column":2},"end":{"line":341,"column":null}},{"start":{"line":342,"column":4},"end":{"line":342,"column":null}}],"line":341},"64":{"loc":{"start":{"line":347,"column":2},"end":{"line":352,"column":null}},"type":"binary-expr","locations":[{"start":{"line":347,"column":2},"end":{"line":351,"column":null}},{"start":{"line":352,"column":7},"end":{"line":352,"column":null}}],"line":347},"65":{"loc":{"start":{"line":348,"column":4},"end":{"line":350,"column":null}},"type":"binary-expr","locations":[{"start":{"line":348,"column":4},"end":{"line":348,"column":null}},{"start":{"line":349,"column":6},"end":{"line":349,"column":null}},{"start":{"line":350,"column":6},"end":{"line":350,"column":null}}],"line":348},"66":{"loc":{"start":{"line":358,"column":4},"end":{"line":362,"column":null}},"type":"binary-expr","locations":[{"start":{"line":358,"column":4},"end":{"line":361,"column":null}},{"start":{"line":362,"column":9},"end":{"line":362,"column":null}}],"line":358},"67":{"loc":{"start":{"line":359,"column":6},"end":{"line":361,"column":null}},"type":"binary-expr","locations":[{"start":{"line":359,"column":6},"end":{"line":359,"column":null}},{"start":{"line":360,"column":8},"end":{"line":360,"column":null}},{"start":{"line":361,"column":8},"end":{"line":361,"column":null}}],"line":359},"68":{"loc":{"start":{"line":366,"column":2},"end":{"line":366,"column":null}},"type":"binary-expr","locations":[{"start":{"line":366,"column":2},"end":{"line":366,"column":41}},{"start":{"line":366,"column":41},"end":{"line":366,"column":null}}],"line":366},"69":{"loc":{"start":{"line":370,"column":2},"end":{"line":372,"column":null}},"type":"binary-expr","locations":[{"start":{"line":370,"column":2},"end":{"line":370,"column":null}},{"start":{"line":371,"column":2},"end":{"line":371,"column":null}},{"start":{"line":372,"column":2},"end":{"line":372,"column":null}}],"line":370},"70":{"loc":{"start":{"line":377,"column":4},"end":{"line":381,"column":null}},"type":"binary-expr","locations":[{"start":{"line":377,"column":4},"end":{"line":380,"column":null}},{"start":{"line":381,"column":9},"end":{"line":381,"column":null}}],"line":377},"71":{"loc":{"start":{"line":378,"column":6},"end":{"line":380,"column":null}},"type":"binary-expr","locations":[{"start":{"line":378,"column":6},"end":{"line":378,"column":null}},{"start":{"line":379,"column":8},"end":{"line":379,"column":null}},{"start":{"line":380,"column":8},"end":{"line":380,"column":null}}],"line":378},"72":{"loc":{"start":{"line":388,"column":4},"end":{"line":392,"column":null}},"type":"binary-expr","locations":[{"start":{"line":388,"column":4},"end":{"line":391,"column":null}},{"start":{"line":392,"column":9},"end":{"line":392,"column":null}}],"line":388},"73":{"loc":{"start":{"line":389,"column":6},"end":{"line":391,"column":null}},"type":"binary-expr","locations":[{"start":{"line":389,"column":6},"end":{"line":389,"column":null}},{"start":{"line":390,"column":8},"end":{"line":390,"column":null}},{"start":{"line":391,"column":8},"end":{"line":391,"column":null}}],"line":389},"74":{"loc":{"start":{"line":397,"column":2},"end":{"line":402,"column":null}},"type":"binary-expr","locations":[{"start":{"line":397,"column":2},"end":{"line":401,"column":null}},{"start":{"line":402,"column":7},"end":{"line":402,"column":null}}],"line":397},"75":{"loc":{"start":{"line":398,"column":4},"end":{"line":400,"column":null}},"type":"binary-expr","locations":[{"start":{"line":398,"column":4},"end":{"line":398,"column":null}},{"start":{"line":399,"column":6},"end":{"line":399,"column":null}},{"start":{"line":400,"column":6},"end":{"line":400,"column":null}}],"line":398},"76":{"loc":{"start":{"line":406,"column":2},"end":{"line":411,"column":null}},"type":"binary-expr","locations":[{"start":{"line":406,"column":2},"end":{"line":410,"column":null}},{"start":{"line":411,"column":7},"end":{"line":411,"column":null}}],"line":406},"77":{"loc":{"start":{"line":407,"column":4},"end":{"line":409,"column":null}},"type":"binary-expr","locations":[{"start":{"line":407,"column":4},"end":{"line":407,"column":null}},{"start":{"line":408,"column":6},"end":{"line":408,"column":null}},{"start":{"line":409,"column":6},"end":{"line":409,"column":null}}],"line":407},"78":{"loc":{"start":{"line":417,"column":4},"end":{"line":421,"column":null}},"type":"binary-expr","locations":[{"start":{"line":417,"column":4},"end":{"line":420,"column":null}},{"start":{"line":421,"column":9},"end":{"line":421,"column":null}}],"line":417},"79":{"loc":{"start":{"line":418,"column":6},"end":{"line":420,"column":null}},"type":"binary-expr","locations":[{"start":{"line":418,"column":6},"end":{"line":418,"column":null}},{"start":{"line":419,"column":8},"end":{"line":419,"column":null}},{"start":{"line":420,"column":8},"end":{"line":420,"column":null}}],"line":418},"80":{"loc":{"start":{"line":428,"column":4},"end":{"line":432,"column":null}},"type":"binary-expr","locations":[{"start":{"line":428,"column":4},"end":{"line":431,"column":null}},{"start":{"line":432,"column":9},"end":{"line":432,"column":null}}],"line":428},"81":{"loc":{"start":{"line":429,"column":6},"end":{"line":431,"column":null}},"type":"binary-expr","locations":[{"start":{"line":429,"column":6},"end":{"line":429,"column":null}},{"start":{"line":430,"column":8},"end":{"line":430,"column":null}},{"start":{"line":431,"column":8},"end":{"line":431,"column":null}}],"line":429},"82":{"loc":{"start":{"line":437,"column":2},"end":{"line":442,"column":null}},"type":"binary-expr","locations":[{"start":{"line":437,"column":2},"end":{"line":441,"column":null}},{"start":{"line":442,"column":7},"end":{"line":442,"column":null}}],"line":437},"83":{"loc":{"start":{"line":438,"column":4},"end":{"line":440,"column":null}},"type":"binary-expr","locations":[{"start":{"line":438,"column":4},"end":{"line":438,"column":null}},{"start":{"line":439,"column":6},"end":{"line":439,"column":null}},{"start":{"line":440,"column":6},"end":{"line":440,"column":null}}],"line":438},"84":{"loc":{"start":{"line":446,"column":2},"end":{"line":451,"column":null}},"type":"binary-expr","locations":[{"start":{"line":446,"column":2},"end":{"line":450,"column":null}},{"start":{"line":451,"column":7},"end":{"line":451,"column":null}}],"line":446},"85":{"loc":{"start":{"line":447,"column":4},"end":{"line":449,"column":null}},"type":"binary-expr","locations":[{"start":{"line":447,"column":4},"end":{"line":447,"column":null}},{"start":{"line":448,"column":6},"end":{"line":448,"column":null}},{"start":{"line":449,"column":6},"end":{"line":449,"column":null}}],"line":447},"86":{"loc":{"start":{"line":455,"column":2},"end":{"line":460,"column":null}},"type":"binary-expr","locations":[{"start":{"line":455,"column":2},"end":{"line":459,"column":null}},{"start":{"line":460,"column":7},"end":{"line":460,"column":null}}],"line":455},"87":{"loc":{"start":{"line":456,"column":4},"end":{"line":458,"column":null}},"type":"binary-expr","locations":[{"start":{"line":456,"column":4},"end":{"line":456,"column":null}},{"start":{"line":457,"column":6},"end":{"line":457,"column":null}},{"start":{"line":458,"column":6},"end":{"line":458,"column":null}
[...]
{},"end":{}}],"line":534},"33":{"loc":{"start":{"line":538,"column":2},"end":{"line":540,"column":null}},"type":"if","locations":[{"start":{"line":538,"column":2},"end":{"line":540,"column":null}},{"start":{},"end":{}}],"line":538},"34":{"loc":{"start":{"line":542,"column":2},"end":{"line":544,"column":null}},"type":"if","locations":[{"start":{"line":542,"column":2},"end":{"line":544,"column":null}},{"start":{},"end":{}}],"line":542},"35":{"loc":{"start":{"line":546,"column":2},"end":{"line":548,"column":null}},"type":"if","locations":[{"start":{"line":546,"column":2},"end":{"line":548,"column":null}},{"start":{},"end":{}}],"line":546},"36":{"loc":{"start":{"line":550,"column":2},"end":{"line":552,"column":null}},"type":"if","locations":[{"start":{"line":550,"column":2},"end":{"line":552,"column":null}},{"start":{},"end":{}}],"line":550},"37":{"loc":{"start":{"line":554,"column":2},"end":{"line":556,"column":null}},"type":"if","locations":[{"start":{"line":554,"column":2},"end":{"line":556,"column":null}},{"start":{},"end":{}}],"line":554},"38":{"loc":{"start":{"line":558,"column":2},"end":{"line":560,"column":null}},"type":"if","locations":[{"start":{"line":558,"column":2},"end":{"line":560,"column":null}},{"start":{},"end":{}}],"line":558},"39":{"loc":{"start":{"line":562,"column":2},"end":{"line":564,"column":null}},"type":"if","locations":[{"start":{"line":562,"column":2},"end":{"line":564,"column":null}},{"start":{},"end":{}}],"line":562},"40":{"loc":{"start":{"line":566,"column":2},"end":{"line":568,"column":null}},"type":"if","locations":[{"start":{"line":566,"column":2},"end":{"line":568,"column":null}},{"start":{},"end":{}}],"line":566},"41":{"loc":{"start":{"line":570,"column":2},"end":{"line":572,"column":null}},"type":"if","locations":[{"start":{"line":570,"column":2},"end":{"line":572,"column":null}},{"start":{},"end":{}}],"line":570},"42":{"loc":{"start":{"line":575,"column":2},"end":{"line":575,"column":null}},"type":"if","locations":[{"start":{"line":575,"column":2},"end":{"line":575,"column":null}},{"start":{},"end":{}}],"line":575},"43":{"loc":{"start":{"line":591,"column":28},"end":{"line":591,"column":69}},"type":"default-arg","locations":[{"start":{"line":591,"column":45},"end":{"line":591,"column":69}}],"line":591},"44":{"loc":{"start":{"line":625,"column":2},"end":{"line":625,"column":43}},"type":"default-arg","locations":[{"start":{"line":625,"column":19},"end":{"line":625,"column":43}}],"line":625},"45":{"loc":{"start":{"line":688,"column":44},"end":{"line":688,"column":74}},"type":"default-arg","locations":[{"start":{"line":688,"column":60},"end":{"line":688,"column":74}}],"line":688},"46":{"loc":{"start":{"line":690,"column":2},"end":{"line":698,"column":null}},"type":"if","locations":[{"start":{"line":690,"column":2},"end":{"line":698,"column":null}},{"start":{},"end":{}}],"line":690},"47":{"loc":{"start":{"line":706,"column":35},"end":{"line":706,"column":65}},"type":"default-arg","locations":[{"start":{"line":706,"column":51},"end":{"line":706,"column":65}}],"line":706},"48":{"loc":{"start":{"line":798,"column":2},"end":{"line":798,"column":null}},"type":"if","locations":[{"start":{"line":798,"column":2},"end":{"line":798,"column":null}},{"start":{},"end":{}}],"line":798},"49":{"loc":{"start":{"line":799,"column":2},"end":{"line":804,"column":null}},"type":"if","locations":[{"start":{"line":799,"column":2},"end":{"line":804,"column":null}},{"start":{},"end":{}}],"line":799},"50":{"loc":{"start":{"line":812,"column":17},"end":{"line":814,"column":null}},"type":"cond-expr","locations":[{"start":{"line":813,"column":8},"end":{"line":813,"column":40}},{"start":{"line":814,"column":8},"end":{"line":814,"column":null}}],"line":812},"51":{"loc":{"start":{"line":816,"column":6},"end":{"line":816,"column":null}},"type":"cond-expr","locations":[{"start":{"line":816,"column":38},"end":{"line":816,"column":50}},{"start":{"line":816,"column":50},"end":{"line":816,"column":null}}],"line":816},"52":{"loc":{"start":{"line":817,"column":12},"end":{"line":817,"column":null}},"type":"cond-expr","locations":[{"start":{"line":817,"column":32},"end":{"line":817,"column":39}},{"start":{"line":817,"column":39},"end":{"line":817,"column":null}}],"line":817},"53":{"loc":{"start":{"line":822,"column":2},"end":{"line":823,"column":null}},"type":"if","locations":[{"start":{"line":822,"column":2},"end":{"line":823,"column":null}},{"start":{},"end":{}}],"line":822},"54":{"loc":{"start":{"line":834,"column":4},"end":{"line":834,"column":null}},"type":"cond-expr","locations":[{"start":{"line":834,"column":24},"end":{"line":834,"column":57}},{"start":{"line":834,"column":60},"end":{"line":834,"column":null}}],"line":834},"55":{"loc":{"start":{"line":835,"column":4},"end":{"line":835,"column":null}},"type":"cond-expr","locations":[{"start":{"line":835,"column":42},"end":{"line":835,"column":46}},{"start":{"line":835,"column":46},"end":{"line":835,"column":null}}],"line":835},"56":{"loc":{"start":{"line":835,"column":46},"end":{"line":835,"column":null}},"type":"cond-expr","locations":[{"start":{"line":835,"column":70},"end":{"line":835,"column":74}},{"start":{"line":835,"column":74},"end":{"line":835,"column":null}}],"line":835},"57":{"loc":{"start":{"line":836,"column":4},"end":{"line":836,"column":null}},"type":"cond-expr","locations":[{"start":{"line":836,"column":19},"end":{"line":836,"column":23}},{"start":{"line":836,"column":23},"end":{"line":836,"column":null}}],"line":836},"58":{"loc":{"start":{"line":853,"column":4},"end":{"line":858,"column":null}},"type":"if","locations":[{"start":{"line":853,"column":4},"end":{"line":858,"column":null}},{"start":{},"end":{}}],"line":853},"59":{"loc":{"start":{"line":865,"column":19},"end":{"line":867,"column":null}},"type":"cond-expr","locations":[{"start":{"line":866,"column":10},"end":{"line":866,"column":42}},{"start":{"line":867,"column":10},"end":{"line":867,"column":null}}],"line":865},"60":{"loc":{"start":{"line":869,"column":8},"end":{"line":869,"column":null}},"type":"cond-expr","locations":[{"start":{"line":869,"column":40},"end":{"line":869,"column":52}},{"start":{"line":869,"column":52},"end":{"line":869,"column":null}}],"line":869},"61":{"loc":{"start":{"line":870,"column":14},"end":{"line":870,"column":null}},"type":"cond-expr","locations":[{"start":{"line":870,"column":34},"end":{"line":870,"column":41}},{"start":{"line":870,"column":41},"end":{"line":870,"column":null}}],"line":870},"62":{"loc":{"start":{"line":881,"column":4},"end":{"line":881,"column":null}},"type":"if","locations":[{"start":{"line":881,"column":4},"end":{"line":881,"column":null}},{"start":{},"end":{}}],"line":881},"63":{"loc":{"start":{"line":896,"column":2},"end":{"line":904,"column":null}},"type":"if","locations":[{"start":{"line":896,"column":2},"end":{"line":904,"column":null}},{"start":{},"end":{}}],"line":896},"64":{"loc":{"start":{"line":897,"column":4},"end":{"line":898,"column":null}},"type":"if","locations":[{"start":{"line":897,"column":4},"end":{"line":898,"column":null}},{"start":{},"end":{}}],"line":897},"65":{"loc":{"start":{"line":900,"column":4},"end":{"line":904,"column":null}},"type":"if","locations":[{"start":{"line":900,"column":4},"end":{"line":904,"column":null}},{"start":{},"end":{}}],"line":900},"66":{"loc":{"start":{"line":913,"column":2},"end":{"line":915,"column":null}},"type":"if","locations":[{"start":{"line":913,"column":2},"end":{"line":915,"column":null}},{"start":{},"end":{}}],"line":913},"67":{"loc":{"start":{"line":924,"column":2},"end":{"line":932,"column":null}},"type":"if","locations":[{"start":{"line":924,"column":2},"end":{"line":932,"column":null}},{"start":{},"end":{}}],"line":924}},"s":{"0":33,"1":33,"2":33,"3":33,"4":33,"5":33,"6":33,"7":33,"8":33,"9":33,"10":33,"11":33,"12":33,"13":33,"14":33,"15":33,"16":33,"17":33,"18":33,"19":0,"20":0,"21":0,"22":0,"23":0,"24":33,"25":33,"26":0,"27":0,"28":0,"29":0,"30":0,"31":0,"32":0,"33":0,"34":0,"35":0,"36":0,"37":0,"38":0,"39":0,"40":0,"41":0,"42":0,"43":0,"44":0,"45":0,"46":0,"47":0,"48":0,"49":91,"50":91,"51":91,"52":91,"53":91,"54":95,"55":0,"56":91,"57":59,"58":59,"59":59,"60":59,"61":94,"62":94,"63":0,"64":0,"65":0,"66":27,"67":27,"68":27,"69":0,"70":0,"71":27,"72":0,"73":0,"74":27,"75":0,"76":0,"77":27,"78":0,"79":0,"80":27,"81":0,"82":0,"83":27,"84":23,"85":23,"86":27,"87":0,"88":0,"89":27,"90":0,"91":0,"92":27,"93":22,"94":22,"95":27,"96":21,"97":21,"98":27,"99":0,"100":0,"101":27,"102":1,"103":1,"104":27,"105":1,"106":1,"107":27,"108":1,"109":1,"110":27,"111":25,"112":25,"113":27,"114":22,"115":22,"116":27,"117":21,"118":21,"119":27,"120":21,"121":21,"122":27,"123":0,"124":27,"125":27,"126":27,"127":27,"128":0,"129":0,"130":0,"131":28,"132":24,"133":29,"134":29,"135":30,"136":22,"137":22,"138":21,"139":21,"140":9,"141":9,"142":9,"143":0,"144":0,"145":0,"146":21,"147":0,"148":0,"149":0,"150":0,"151":0,"152":0,"153":0,"154":0,"155":0,"156":0,"157":0,"158":0,"159":0,"160":0,"161":0,"162":0,"163":0,"164":0,"165":0,"166":0,"167":0,"168":0,"169":0,"170":0,"171":0,"172":0,"173":0,"174":0,"175":0,"176":0,"177":0,"178":0,"179":0,"180":0,"181":0,"182":0,"183":0,"184":0,"185":0,"186":0,"187":0,"188":0,"189":0,"190":0,"191":0,"192":0,"193":0,"194":0,"195":0,"196":0,"197":0,"198":0,"199":0,"200":0,"201":0},"f":{"0":33,"1":0,"2":33,"3":0,"4":0,"5":0,"6":0,"7":0,"8":0,"9":0,"10":0,"11":91,"12":95,"13":59,"14":94,"15":0,"16":0,"17":0,"18":27,"19":0,"20":28,"21":24,"22":29,"23":30,"24":22,"25":21,"26":21,"27":9,"28":0,"29":21,"30":0,"31":0,"32":0,"33":0,"34":0,"35":0,"36":0,"37":0,"38":0,"39":0,"40":0},"b":{"0":[0,0],"1":[0,0],"2":[0,0],"3":[0,0],"4":[0,0],"5":[0,0],"6":[0,0],"7":[0,0],"8":[0,0],"9":[0],"10":[0,0],"11":[0,0],"12":[0],"13":[0,0],"14":[91,0],"15":[59,59],"16":[59,0],"17":[59,30],"18":[59,21],"19":[59,30],"20":[59,21],"21":[67,27],"22":[0],"23":[0,27],"24":[0,27],"25":[0,27],"26":[0,0],"27":[0,27],"28":[0,27],"29":[23,4],"30":[0,27],"31":[0,27],"32":[22,5],"33":[21,6],"34":[0,27],"35":[1,26],"36":[1,26],"37":[1,26],"38":[25,2],"39":[22,5],"40":[21,6],"41":[21,6],"42":[0,27],"43":[28],"44":[30],"45":[9],"46":[9,0],"47":[0],"48":[0,0],"49":[0,0],"50":[0,0],"51":[0,0],"52":[0,0],"53":[0,0],"54":[0,0],"55":[0,0],"56":[0,0],"57":[0,0],"58":[0,0],"59":[0,0],"60":[0,0],"61":[0,0],"62":[0,0],"63":[0,0],"64":[0,0],"65":[0,0],"66":[0,0],"67":[0,0]},"meta":{"lastBranch":68,"lastFunction":41,"lastStatement":202,"seen":{"f:18:9:18:22":0,"s:19:2:113:Infinity":0,"s:116:2:119:Infinity":1,"s:122:2:130:Infinity":2,"s:123:4:125:Infinity":3,"s:127:4:129:Infinity":4,"s:135:2:143:Infinity":5,"s:136:4:138:Infinity":6,"s:140:4:142:Infinity":7,"s:148:2:164:Infinity":8,"s:149:4:149:Infinity":9,"s:150:4:150:Infinity":10,"s:152:4:154:Infinity":11,"s:155:4:157:Infinity":12,"s:158:4:160:Infinity":13,"s:161:4:163:Infinity":14,"s:169:2:175:Infinity":15,"s:170:4:170:Infinity":16,"s:171:4:173:Infinity":17,"s:174:4:174:Infinity":18,"f:180:16:180:37":1,"s:181:17:181:52":19,"s:182:2:182:Infinity":20,"s:184:2:184:Infinity":21,"s:185:2:185:Infinity":22,"s:188:2:188:Infinity":23,"f:192:16:192:42":2,"s:193:2:193:Infinity":24,"s:194:2:194:Infinity":25,"f:198:16:198:39":3,"s:199:2:199:Infinity":26,"f:206:16:206:Infinity":4,"s:213:13:213:Infinity":27,"b:213:13:213:24:213:24:213:Infinity":0,"s:214:16:214:Infinity":28,"b:214:40:214:47:214:47:214:Infinity":1,"b:214:57:214:61:214:61:214:Infinity":2,"b:216:2:238:Infinity:228:9:238:Infinity":3,"s:216:2:238:Infinity":29,"s:218:4:227:Infinity":30,"s:230:4:238:Infinity":31,"f:253:16:253:42":5,"s:254:2:262:Infinity":32,"f:269:16:269:29":6,"s:270:2:284:Infinity":33,"b:279:21:279:25:279:25:279:Infinity":4,"b:280:25:280:29:280:29:280:Infinity":5,"b:281:4:281:31:281:31:281:Infinity":6,"b:282:4:282:36:282:36:282:Infinity":7,"b:283:4:283:32:283:32:283:Infinity":8,"f:287:16:287:Infinity":7,"b:291:18:291:Infinity":9,"b:293:2:293:Infinity:undefined:undefined:undefined:undefined":10,"s:293:2:293:Infinity":34,"s:293:25:293:Infinity":35,"s:295:23:295:52":36,"f:295:28:295:38":8,"s:295:38:295:42":37,"s:299:14:304:Infinity":38,"s:312:15:314:57":39,"s:316:21:316:Infinity":40,"s:317:2:318:Infinity":41,"b:318:4:318:Infinity:undefined:undefined:undefined:undefined":11,"s:318:4:318:Infinity":42,"s:318:38:318:Infinity":43,"s:321:2:321:Infinity":44,"f:324:16:324:Infinity":9,"b:328:18:328:Infinity":12,"s:333:14:333:Infinity":45,"s:345:2:347:Infinity":46,"f:350:16:350:Infinity":10,"s:354:14:359:35":47,"s:360:2:360:Infinity":48,"b:360:9:360:20:360:20:360:Infinity":13,"f:365:9:365:19":11,"s:366:33:366:35":49,"s:367:2:373:Infinity":50,"s:368:19:368:50":51,"b:369:4:370:Infinity:undefined:undefined:undefined:undefined":14,"s:369:4:370:Infinity":52,"s:370:6:370:Infinity":53,"f:370:30:370:38":12,"s:370:47:370:72":54,"s:373:4:373:Infinity":55,"s:375:2:378:Infinity":56,"f:399:16:399:26":13,"s:400:19:402:16":57,"s:403:14:403:38":58,"s:405:2:450:Infinity":59,"b:436:4:436:18:436:18:436:Infinity":15,"b:439:4:439:18:439:18:439:Infinity":16,"b:446:4:446:22:446:22:446:Infinity":17,"b:447:4:447:23:447:23:447:Infinity":18,"b:448:4:448:28:448:28:448:Infinity":19,"b:449:4:449:36:449:36:449:Infinity":20,"s:452:2:452:Infinity":60,"f:455:16:455:27":14,"s:456:14:456:67":61,"s:459:2:459:Infinity":62,"b:459:15:459:29:459:32:459:Infinity":21,"f:462:16:462:36":15,"s:463:2:466:Infinity":63,"f:466:5:466:10":16,"s:466:18:466:45":64,"f:469:16:469:33":17,"b:469:49:469:64":22,"s:470:2:470:Infinity":65,"f:473:16:473:Infinity":18,"s:499:27:499:29":66,"s:500:28:500:30":67,"b:502:2:504:Infinity:undefined:undefined:undefined:undefined":23,"s:502:2:504:Infinity":68,"s:503:4:503:Infinity":69,"s:504:4:504:Infinity":70,"b:506:2:508:Infinity:undefined:undefined:undefined:undefined":24,"s:506:2:508:Infinity":71,"s:507:4:507:Infinity":72,"s:508:4:508:Infinity":73,"b:510:2:512:Infinity:undefined:undefined:undefined:undefined":25,"s:510:2:512:Infinity":74,"s:511:4:511:Infinity":75,"s:512:4:512:Infinity":76,"b:512:16:512:34:512:34:512:39":26,"b:514:2:516:Infinity:undefined:undefined:undefined:undefined":27,"s:514:2:516:Infinity":77,"s:515:4:515:Infinity":78,"s:516:4:516:Infinity":79,"b:518:2:520:Infinity:undefined:undefined:undefined:undefined":28,"s:518:2:520:Infinity":80,"s:519:4:519:Infinity":81,"s:520:4:520:Infinity":82,"b:522:2:524:Infinity:undefined:undefined:undefined:undefined":29,"s:522:2:524:Infinity":83,"s:523:4:523:Infinity":84,"s:524:4:524:Infinity":85,"b:526:2:528:Infinity:undefined:undefined:undefined:undefined":30,"s:526:2:528:Infinity":86,"s:527:4:527:Infinity":87,"s:528:4:528:Infinity":88,"b:530:2:532:Infinity:undefined:undefined:undefined:undefined":31,"s:530:2:532:Infinity":89,"s:531:4:531:Infinity":90,"s:532:4:532:Infinity":91,"b:534:2:536:Infinity:undefined:undefined:undefined:undefined":32,"s:534:2:536:Infinity":92,"s:535:4:535:Infinity":93,"s:536:4:536:Infinity":94,"b:538:2:540:Infinity:undefined:undefined:undefined:undefined":33,"s:538:2:540:Infinity":95,"s:539:4:539:Infinity":96,"s:540:4:540:Infinity":97,"b:542:2:544:Infinity:undefined:undefined:undefined:undefined":34,"s:542:2:544:Infinity":98,"s:543:4:543:Infinity":99,"s:544:4:544:Infinity":100,"b:546:2:548:Infinity:undefined:undefined:undefined:undefined":35,"s:546:2:548:Infinity":101,"s:547:4:547:Infinity":102,"s:548:4:548:Infinity":103,"b:550:2:552:Infinity:undefined:undefined:undefined:undefined":36,"s:550:2:552:Infinity":104,"s:551:4:551:Infinity":105,"s:552:4:552:Infinity":106,"b:554:2:556:Infinity:undefined:undefined:undefined:undefined":37,"s:554:2:556:Infinity":107,"s:555:4:555:Infinity":108,"s:556:4:556:Infinity":109,"b:558:2:560:Infinity:undefined:undefined:undefined:undefined":38,"s:558:2:560:Infinity":110,"s:559:4:559:Infinity":111,"s:560:4:560:Infinity":112,"b:562:2:564:Infinity:undefined:undefined:undefined:undefined":39,"s:562:2:564:Infinity":113,"s:563:4:563:Infinity":114,"s:564:4:564:Infinity":115,"b:566:2:568:Infinity:undefined:undefined:undefined:undefined":40,"s:566:2:568:Infinity":116,"s:567:4:567:Infinity":117,"s:568:4:568:Infinity":118,"b:570:2:572:Infinity:undefined:undefined:undefined:undefined":41,"s:570:2:572:Infinity":119,"s:571:4:571:Infinity":120,"s:572:4:572:Infinity":121,"b:575:2:575:Infinity:undefined:undefined:undefined:undefined":42,"s:575:2:575:Infinity":122,"s:575:27:575:Infinity":123,"s:577:2:577:Infinity":124,"s:578:2:578:Infinity":125,"s:579:2:579:Infinity":126,"s:580:2:582:Infinity":127,"f:585:16:585:26":19,"s:586:2:586:Infinity":128,"s:587:2:587:Infinity":129,"s:588:2:588:Infinity":130,"f:591:16:591:28":20,"b:591:45:591:69":43,"s:592:2:601:Infinity":131,"f:601:5:601:10":21,"s:601:18:601:45":132,"f:604:16:604:Infinity":22,"s:609:18:620:Infinity":133,"s:621:2:621:Infinity":134,"f:624:16:624:Infinity":23,"b:625:19:625:43":44,"s:627:2:638:Infinity":135,"f:641:16:641:29":24,"s:642:17:661:Infinity":136,"s:663:2:663:Infinity":137,"f:666:16:666:Infinity":25,"s:672:2:678:Infinity":138,"f:681:16:681:35":26,"s:682:2:685:Infinity":139,"f:688:16:688:28":27,"b:688:60:688:74":45,"s:689:23:689:56":140,"b:690:2:698:Infinity:undefined:undefined:undefined:undefined":46,"s:690:2:698:Infinity":141,"s:691:4:698:Infinity":142,"s:701:2:703:Infinity":143,"f:706:16:706:35":28,"b:706:51:706:65":47,"s:707:23:707:56":144,"s:708:2:716:Infinity":145,"f:719:16:719:28":29,"s:720:2:731:Infinity":146,"f:736:16:736:31":30,"s:737:14:739:13":147,"s:740:2:740:Infinity":148,"f:743:16:743:31":31,"s:744:2:746:Infinity":149,"f:751:16:751:27":32,"s:752:14:754:21":150,"s:755:2:755:Infinity":151,"f:758:16:758:27":33,"s:759:2:761:Infinity":152,"f:764:16:764:30":34,"s:765:2:765:Infinity":153,"f:768:16:768:57":35,"s:769:15:771:10":154,"s:772:41:772:43":155,"s:773:2:774:Infinity":156,"s:774:4:774:Infinity":157,"s:776:2:776:Infinity":158,"f:781:16:781:Infinity":36,"s:784:14:786:13":159,"b:798:2:798:Infinity:undefined:undefined:undefined:undefined":48,"s:798:2:798:Infinity":160,"s:798:12:798:Infinity":161,"b:799:2:804:Infinity:undefined:undefined:undefined:undefined":49,"s:799:2:804:Infinity":162,"s:800:4:803:Infinity":163,"s:804:4:804:Infinity":164,"s:806:2:818:Infinity":165,"b:813:8:813:40:814:8:814:Infinity":50,"b:816:38:816:50:816:50:816:Infinity":51,"b:817:32:817:39:817:39:817:Infinity":52,"f:821:16:821:35":37,"b:822:2:823:Infinity:undefined:undefined:undefined:undefined":53,"s:822:2:823:Infinity":166,"s:823:4:823:Infinity":167,"s:825:2:837:Infinity":168,"b:834:24:834:57:834:60:834:Infinity":54,"b:835:42:835:46:835:46:835:Infinity":55,"b:835:70:835:74:835:74:835:Infinity":56,"b:836:19:836:23:836:23:836:Infinity":57,"f:840:16:840:74":38,"s:841:15:841:66":169,"s:851:50:851:52":170,"s:852:2:871:Infinity":171,"b:853:4:858:Infinity:undefined:undefined:undefined:undefined":58,"s:853:4:858:Infinity":172,"s:854:6:857:Infinity":173,"s:858:6:858:Infinity":174,"s:860:4:871:Infinity":175,"b:866:10:866:42:867:10:867:Infinity":59,"b:869:40:869:52:869:52:869:Infinity":60,"b:870:34:870:41:870:41:870:Infinity":61,"s:873:2:873:Infinity":176,"f:878:9:878:34":39,"s:879:8:887:Infinity":177,"f:879:8:879:23":40,"s:880:21:880:50":178,"b:881:4:881:Infinity:undefined:undefined:undefined:undefined":62,"s:881:4:881:Infinity":179,"s:881:34:881:Infinity":180,"s:882:4:887:Infinity":181,"s:883:19:883:65":182,"s:884:6:884:Infinity":183,"s:885:6:885:Infinity":184,"s:887:6:887:Infinity":185,"s:892:22:892:54":186,"b:896:2:904:Infinity:undefined:undefined:undefined:undefined":63,"s:896:2:904:Infinity":187,"b:897:4:898:Infinity:undefined:undefined:undefined:undefined":64,"s:897:4:898:Infinity":188,"s:898:6:898:Infinity":189,"b:900:4:904:Infinity:undefined:undefined:undefined:undefined":65,"s:900:4:904:Infinity":190,"s:901:6:904:Infinity":191,"s:909:19:909:47":192,"b:913:2:915:Infinity:undefined:undefined:undefined:undefined":66,"s:913:2:915:Infinity":193,"s:914:4:915:Infinity":194,"s:915:6:915:Infinity":195,"s:920:17:920:54":196,"b:924:2:932:Infinity:undefined:undefined:undefined:undefined":67,"s:924:2:932:Infinity":197,"s:925:4:932:Infinity":198,"s:926:6:932:Infinity":199,"s:927:8:927:Infinity":200,"s:929:8:932:Infinity":201}}}
}
